<testsuites id="" name="" tests="111" failures="0" skipped="109" errors="0" time="19.015759">
<testsuite name="codebeautify-tool.spec.ts" timestamp="2026-04-28T13:44:04.267Z" hostname="" tests="2" failures="0" skipped="0" time="14.013" errors="0">
<testcase name="Code Beautify Tool › page loads with input area" classname="codebeautify-tool.spec.ts" time="9.001">
</testcase>
<testcase name="Code Beautify Tool › beautifies code input" classname="codebeautify-tool.spec.ts" time="5.012">
</testcase>
</testsuite>
<testsuite name="color-transform-tool.spec.ts" timestamp="2026-04-28T13:44:04.267Z" hostname="" tests="4" failures="0" skipped="4" time="4.646" errors="0">
<testcase name="Color Transform Tool › page loads successfully" classname="color-transform-tool.spec.ts">
<skipped>
</skipped>
</testcase>
<testcase name="Color Transform Tool › has RGB input fields" classname="color-transform-tool.spec.ts">
<skipped>
</skipped>
</testcase>
<testcase name="Color Transform Tool › has color picker input" classname="color-transform-tool.spec.ts">
<skipped>
</skipped>
</testcase>
<testcase name="Color Transform Tool › has conversion buttons" classname="color-transform-tool.spec.ts">
<skipped>
</skipped>
</testcase>
</testsuite>
<testsuite name="convert-tool.spec.ts" timestamp="2026-04-28T13:44:04.267Z" hostname="" tests="10" failures="0" skipped="10" time="0" errors="0">
<testcase name="Convert Tool › page loads with input area" classname="convert-tool.spec.ts">
<skipped>
</skipped>
</testcase>
<testcase name="Convert Tool › HTML escapes special characters" classname="convert-tool.spec.ts">
<skipped>
</skipped>
</testcase>
<testcase name="Convert Tool › HTML unescapes entities" classname="convert-tool.spec.ts">
<skipped>
</skipped>
</testcase>
<testcase name="Convert Tool › URL encodes text" classname="convert-tool.spec.ts">
<skipped>
</skipped>
</testcase>
<testcase name="Convert Tool › URL decodes text" classname="convert-tool.spec.ts">
<skipped>
</skipped>
</testcase>
<testcase name="Convert Tool › Base64 encodes text" classname="convert-tool.spec.ts">
<skipped>
</skipped>
</testcase>
<testcase name="Convert Tool › Base64 decodes text" classname="convert-tool.spec.ts">
<skipped>
</skipped>
</testcase>
<testcase name="Convert Tool › Base64 decode shows error for invalid input" classname="convert-tool.spec.ts">
<skipped>
</skipped>
</testcase>
<testcase name="Convert Tool › MD5 encodes text" classname="convert-tool.spec.ts">
<skipped>
</skipped>
</testcase>
<testcase name="Convert Tool › Unicode decodes text" classname="convert-tool.spec.ts">
<skipped>
</skipped>
</testcase>
</testsuite>
<testsuite name="cron-tool.spec.ts" timestamp="2026-04-28T13:44:04.267Z" hostname="" tests="5" failures="0" skipped="5" time="0" errors="0">
<testcase name="Cron Parser Tool › page loads with default expression" classname="cron-tool.spec.ts">
<skipped>
</skipped>
</testcase>
<testcase name="Cron Parser Tool › parses valid cron expression and shows next runs" classname="cron-tool.spec.ts">
<skipped>
</skipped>
</testcase>
<testcase name="Cron Parser Tool › shows error indicator for invalid cron" classname="cron-tool.spec.ts">
<skipped>
</skipped>
</testcase>
<testcase name="Cron Parser Tool › applies preset expression" classname="cron-tool.spec.ts">
<skipped>
</skipped>
</testcase>
<testcase name="Cron Parser Tool › has presets section" classname="cron-tool.spec.ts">
<skipped>
</skipped>
</testcase>
</testsuite>
<testsuite name="csstool-tool.spec.ts" timestamp="2026-04-28T13:44:04.267Z" hostname="" tests="2" failures="0" skipped="2" time="0" errors="0">
<testcase name="CSS Tool › page loads with input area" classname="csstool-tool.spec.ts">
<skipped>
</skipped>
</testcase>
<testcase name="CSS Tool › formats CSS input" classname="csstool-tool.spec.ts">
<skipped>
</skipped>
</testcase>
</testsuite>
<testsuite name="csv2json-tool.spec.ts" timestamp="2026-04-28T13:44:04.267Z" hostname="" tests="4" failures="0" skipped="4" time="0" errors="0">
<testcase name="CSV to JSON Tool › page loads with CSV input area" classname="csv2json-tool.spec.ts">
<skipped>
</skipped>
</testcase>
<testcase name="CSV to JSON Tool › converts CSV to JSON with headers" classname="csv2json-tool.spec.ts">
<skipped>
</skipped>
</testcase>
<testcase name="CSV to JSON Tool › loads sample data" classname="csv2json-tool.spec.ts">
<skipped>
</skipped>
</testcase>
<testcase name="CSV to JSON Tool › clears input and output" classname="csv2json-tool.spec.ts">
<skipped>
</skipped>
</testcase>
</testsuite>
<testsuite name="htmlformat-tool.spec.ts" timestamp="2026-04-28T13:44:04.267Z" hostname="" tests="2" failures="0" skipped="2" time="0" errors="0">
<testcase name="HTML Format Tool › page loads with input area" classname="htmlformat-tool.spec.ts">
<skipped>
</skipped>
</testcase>
<testcase name="HTML Format Tool › formats HTML input" classname="htmlformat-tool.spec.ts">
<skipped>
</skipped>
</testcase>
</testsuite>
<testsuite name="imagebase64-tool.spec.ts" timestamp="2026-04-28T13:44:04.267Z" hostname="" tests="1" failures="0" skipped="1" time="0" errors="0">
<testcase name="Image Base64 Tool › page loads successfully" classname="imagebase64-tool.spec.ts">
<skipped>
</skipped>
</testcase>
</testsuite>
<testsuite name="json-tool.spec.ts" timestamp="2026-04-28T13:44:04.267Z" hostname="" tests="10" failures="0" skipped="10" time="0" errors="0">
<testcase name="JSON Formatter Tool › page loads with input area" classname="json-tool.spec.ts">
<skipped>
</skipped>
</testcase>
<testcase name="JSON Formatter Tool › formats valid JSON automatically on input" classname="json-tool.spec.ts">
<skipped>
</skipped>
</testcase>
<testcase name="JSON Formatter Tool › shows error for invalid JSON" classname="json-tool.spec.ts">
<skipped>
</skipped>
</testcase>
<testcase name="JSON Formatter Tool › compresses valid JSON" classname="json-tool.spec.ts">
<skipped>
</skipped>
</testcase>
<testcase name="JSON Formatter Tool › beautifies JSON" classname="json-tool.spec.ts">
<skipped>
</skipped>
</testcase>
<testcase name="JSON Formatter Tool › clears input and result" classname="json-tool.spec.ts">
<skipped>
</skipped>
</testcase>
<testcase name="JSON Formatter Tool › switches to diff mode" classname="json-tool.spec.ts">
<skipped>
</skipped>
</testcase>
<testcase name="JSON Formatter Tool › performs diff between two JSON objects" classname="json-tool.spec.ts">
<skipped>
</skipped>
</testcase>
<testcase name="JSON Formatter Tool › shows no differences for identical JSON" classname="json-tool.spec.ts">
<skipped>
</skipped>
</testcase>
<testcase name="JSON Formatter Tool › shows error for nested invalid JSON" classname="json-tool.spec.ts">
<skipped>
</skipped>
</testcase>
</testsuite>
<testsuite name="jsonschema-tool.spec.ts" timestamp="2026-04-28T13:44:04.267Z" hostname="" tests="4" failures="0" skipped="4" time="0" errors="0">
<testcase name="JSON Schema Validator Tool › page loads successfully" classname="jsonschema-tool.spec.ts">
<skipped>
</skipped>
</testcase>
<testcase name="JSON Schema Validator Tool › has two textareas for data and schema" classname="jsonschema-tool.spec.ts">
<skipped>
</skipped>
</testcase>
<testcase name="JSON Schema Validator Tool › has toolbar buttons" classname="jsonschema-tool.spec.ts">
<skipped>
</skipped>
</testcase>
<testcase name="JSON Schema Validator Tool › clears all fields" classname="jsonschema-tool.spec.ts">
<skipped>
</skipped>
</testcase>
</testsuite>
<testsuite name="markdown-tool.spec.ts" timestamp="2026-04-28T13:44:04.267Z" hostname="" tests="1" failures="0" skipped="1" time="0" errors="0">
<testcase name="Markdown Editor Tool › page loads with editor area" classname="markdown-tool.spec.ts">
<skipped>
</skipped>
</testcase>
</testsuite>
<testsuite name="password-tool.spec.ts" timestamp="2026-04-28T13:44:04.267Z" hostname="" tests="8" failures="0" skipped="8" time="0" errors="0">
<testcase name="Password Generator Tool › page loads and generates a password automatically" classname="password-tool.spec.ts">
<skipped>
</skipped>
</testcase>
<testcase name="Password Generator Tool › generated password has correct default length" classname="password-tool.spec.ts">
<skipped>
</skipped>
</testcase>
<testcase name="Password Generator Tool › regenerates password on refresh click" classname="password-tool.spec.ts">
<skipped>
</skipped>
</testcase>
<testcase name="Password Generator Tool › shows strength indicator" classname="password-tool.spec.ts">
<skipped>
</skipped>
</testcase>
<testcase name="Password Generator Tool › shows password length label" classname="password-tool.spec.ts">
<skipped>
</skipped>
</testcase>
<testcase name="Password Generator Tool › toggling options regenerates password" classname="password-tool.spec.ts">
<skipped>
</skipped>
</testcase>
<testcase name="Password Generator Tool › password contains only lowercase when only lowercase is checked" classname="password-tool.spec.ts">
<skipped>
</skipped>
</testcase>
<testcase name="Password Generator Tool › shows configuration section" classname="password-tool.spec.ts">
<skipped>
</skipped>
</testcase>
</testsuite>
<testsuite name="picture-splicing-tool.spec.ts" timestamp="2026-04-28T13:44:04.267Z" hostname="" tests="1" failures="0" skipped="1" time="0" errors="0">
<testcase name="Picture Splicing Tool › page loads successfully" classname="picture-splicing-tool.spec.ts">
<skipped>
</skipped>
</testcase>
</testsuite>
<testsuite name="popup.spec.ts" timestamp="2026-04-28T13:44:04.267Z" hostname="" tests="5" failures="0" skipped="5" time="0" errors="0">
<testcase name="Extension Popup › opens and displays tool buttons" classname="popup.spec.ts">
<skipped>
</skipped>
</testcase>
<testcase name="Extension Popup › clicking JSON tool opens new tab" classname="popup.spec.ts">
<skipped>
</skipped>
</testcase>
<testcase name="Extension Popup › clicking timestamp tool opens new tab" classname="popup.spec.ts">
<skipped>
</skipped>
</testcase>
<testcase name="Extension Popup › clicking convert tool opens new tab" classname="popup.spec.ts">
<skipped>
</skipped>
</testcase>
<testcase name="Extension Popup › clicking password tool opens new tab" classname="popup.spec.ts">
<skipped>
</skipped>
</testcase>
</testsuite>
<testsuite name="scss-tool.spec.ts" timestamp="2026-04-28T13:44:04.267Z" hostname="" tests="1" failures="0" skipped="1" time="0" errors="0">
<testcase name="SCSS Compiler Tool › page renders without errors" classname="scss-tool.spec.ts">
<skipped>
</skipped>
</testcase>
</testsuite>
<testsuite name="svgoptimizer-tool.spec.ts" timestamp="2026-04-28T13:44:04.267Z" hostname="" tests="2" failures="0" skipped="2" time="0" errors="0">
<testcase name="SVG Optimizer Tool › page loads with input area" classname="svgoptimizer-tool.spec.ts">
<skipped>
</skipped>
</testcase>
<testcase name="SVG Optimizer Tool › optimizes SVG input" classname="svgoptimizer-tool.spec.ts">
<skipped>
</skipped>
</testcase>
</testsuite>
<testsuite name="timestamp-tool.spec.ts" timestamp="2026-04-28T13:44:04.267Z" hostname="" tests="3" failures="0" skipped="3" time="0" errors="0">
<testcase name="Timestamp Converter Tool › page loads and shows tool title" classname="timestamp-tool.spec.ts">
<skipped>
</skipped>
</testcase>
<testcase name="Timestamp Converter Tool › displays current time values" classname="timestamp-tool.spec.ts">
<skipped>
</skipped>
</testcase>
<testcase name="Timestamp Converter Tool › shows conversion sections" classname="timestamp-tool.spec.ts">
<skipped>
</skipped>
</testcase>
</testsuite>
<testsuite name="toml-tool.spec.ts" timestamp="2026-04-28T13:44:04.267Z" hostname="" tests="2" failures="0" skipped="2" time="0" errors="0">
<testcase name="TOML Parser Tool › page loads with input area" classname="toml-tool.spec.ts">
<skipped>
</skipped>
</testcase>
<testcase name="TOML Parser Tool › has conversion mode options" classname="toml-tool.spec.ts">
<skipped>
</skipped>
</testcase>
</testsuite>
<testsuite name="tool-pages.spec.ts" timestamp="2026-04-28T13:44:04.267Z" hostname="" tests="23" failures="0" skipped="23" time="0" errors="0">
<testcase name="json tool page › loads successfully" classname="tool-pages.spec.ts">
<skipped>
</skipped>
</testcase>
<testcase name="timestamp tool page › loads successfully" classname="tool-pages.spec.ts">
<skipped>
</skipped>
</testcase>
<testcase name="convert tool page › loads successfully" classname="tool-pages.spec.ts">
<skipped>
</skipped>
</testcase>
<testcase name="codebeautify tool page › loads successfully" classname="tool-pages.spec.ts">
<skipped>
</skipped>
</testcase>
<testcase name="imagebase64 tool page › loads successfully" classname="tool-pages.spec.ts">
<skipped>
</skipped>
</testcase>
<testcase name="colorTransform tool page › loads successfully" classname="tool-pages.spec.ts">
<skipped>
</skipped>
</testcase>
<testcase name="trans-radix tool page › loads successfully" classname="tool-pages.spec.ts">
<skipped>
</skipped>
</testcase>
<testcase name="csv2json tool page › loads successfully" classname="tool-pages.spec.ts">
<skipped>
</skipped>
</testcase>
<testcase name="yaml tool page › loads successfully" classname="tool-pages.spec.ts">
<skipped>
</skipped>
</testcase>
<testcase name="markdown tool page › loads successfully" classname="tool-pages.spec.ts">
<skipped>
</skipped>
</testcase>
<testcase name="htmlformat tool page › loads successfully" classname="tool-pages.spec.ts">
<skipped>
</skipped>
</testcase>
<testcase name="csstool tool page › loads successfully" classname="tool-pages.spec.ts">
<skipped>
</skipped>
</testcase>
<testcase name="svgoptimizer tool page › loads successfully" classname="tool-pages.spec.ts">
<skipped>
</skipped>
</testcase>
<testcase name="cron tool page › loads successfully" classname="tool-pages.spec.ts">
<skipped>
</skipped>
</testcase>
<testcase name="toml tool page › loads successfully" classname="tool-pages.spec.ts">
<skipped>
</skipped>
</testcase>
<testcase name="jsonschema tool page › loads successfully" classname="tool-pages.spec.ts">
<skipped>
</skipped>
</testcase>
<testcase name="xmlformatter tool page › loads successfully" classname="tool-pages.spec.ts">
<skipped>
</skipped>
</testcase>
<testcase name="uuid tool page › loads successfully" classname="tool-pages.spec.ts">
<skipped>
</skipped>
</testcase>
<testcase name="password tool page › loads successfully" classname="tool-pages.spec.ts">
<skipped>
</skipped>
</testcase>
<testcase name="urlparser tool page › loads successfully" classname="tool-pages.spec.ts">
<skipped>
</skipped>
</testcase>
<testcase name="pictureSplicing tool page › loads successfully" classname="tool-pages.spec.ts">
<skipped>
</skipped>
</testcase>
<testcase name="uglify tool page › page renders" classname="tool-pages.spec.ts">
<skipped>
</skipped>
</testcase>
<testcase name="scss tool page › page renders" classname="tool-pages.spec.ts">
<skipped>
</skipped>
</testcase>
</testsuite>
<testsuite name="trans-radix-tool.spec.ts" timestamp="2026-04-28T13:44:04.267Z" hostname="" tests="2" failures="0" skipped="2" time="0" errors="0">
<testcase name="Trans Radix Tool › page loads with conversion interface" classname="trans-radix-tool.spec.ts">
<skipped>
</skipped>
</testcase>
<testcase name="Trans Radix Tool › has input fields and conversion buttons" classname="trans-radix-tool.spec.ts">
<skipped>
</skipped>
</testcase>
</testsuite>
<testsuite name="uglify-tool.spec.ts" timestamp="2026-04-28T13:44:04.267Z" hostname="" tests="1" failures="0" skipped="1" time="0" errors="0">
<testcase name="Uglify Tool › page renders without errors" classname="uglify-tool.spec.ts">
<skipped>
</skipped>
</testcase>
</testsuite>
<testsuite name="urlparser-tool.spec.ts" timestamp="2026-04-28T13:44:04.267Z" hostname="" tests="5" failures="0" skipped="5" time="0" errors="0">
<testcase name="URL Parser Tool › page loads with URL input" classname="urlparser-tool.spec.ts">
<skipped>
</skipped>
</testcase>
<testcase name="URL Parser Tool › parses a complete URL and shows results" classname="urlparser-tool.spec.ts">
<skipped>
</skipped>
</testcase>
<testcase name="URL Parser Tool › displays query parameters section" classname="urlparser-tool.spec.ts">
<skipped>
</skipped>
</testcase>
<testcase name="URL Parser Tool › displays hash section" classname="urlparser-tool.spec.ts">
<skipped>
</skipped>
</testcase>
<testcase name="URL Parser Tool › shows no results for invalid URL" classname="urlparser-tool.spec.ts">
<skipped>
</skipped>
</testcase>
</testsuite>
<testsuite name="uuid-tool.spec.ts" timestamp="2026-04-28T13:44:04.267Z" hostname="" tests="6" failures="0" skipped="6" time="0" errors="0">
<testcase name="UUID Generator Tool › page loads with generate button" classname="uuid-tool.spec.ts">
<skipped>
</skipped>
</testcase>
<testcase name="UUID Generator Tool › generates a UUID" classname="uuid-tool.spec.ts">
<skipped>
</skipped>
</testcase>
<testcase name="UUID Generator Tool › generates UUID without hyphens" classname="uuid-tool.spec.ts">
<skipped>
</skipped>
</testcase>
<testcase name="UUID Generator Tool › generates UUID in uppercase" classname="uuid-tool.spec.ts">
<skipped>
</skipped>
</testcase>
<testcase name="UUID Generator Tool › generates multiple UUIDs" classname="uuid-tool.spec.ts">
<skipped>
</skipped>
</testcase>
<testcase name="UUID Generator Tool › clears generated UUIDs" classname="uuid-tool.spec.ts">
<skipped>
</skipped>
</testcase>
</testsuite>
<testsuite name="xmlformatter-tool.spec.ts" timestamp="2026-04-28T13:44:04.267Z" hostname="" tests="2" failures="0" skipped="2" time="0" errors="0">
<testcase name="XML Formatter Tool › page loads with input area" classname="xmlformatter-tool.spec.ts">
<skipped>
</skipped>
</testcase>
<testcase name="XML Formatter Tool › formats XML input" classname="xmlformatter-tool.spec.ts">
<skipped>
</skipped>
</testcase>
</testsuite>
<testsuite name="yaml-tool.spec.ts" timestamp="2026-04-28T13:44:04.267Z" hostname="" tests="5" failures="0" skipped="5" time="0" errors="0">
<testcase name="YAML Converter Tool › page loads with mode selector" classname="yaml-tool.spec.ts">
<skipped>
</skipped>
</testcase>
<testcase name="YAML Converter Tool › converts YAML to JSON" classname="yaml-tool.spec.ts">
<skipped>
</skipped>
</testcase>
<testcase name="YAML Converter Tool › switches to JSON to YAML mode" classname="yaml-tool.spec.ts">
<skipped>
</skipped>
</testcase>
<testcase name="YAML Converter Tool › shows error for invalid YAML" classname="yaml-tool.spec.ts">
<skipped>
</skipped>
</testcase>
<testcase name="YAML Converter Tool › loads sample data" classname="yaml-tool.spec.ts">
<skipped>
</skipped>
</testcase>
</testsuite>
</testsuites>