{"/Users/sunven/github/QHelper/lib/chrome/cookies.ts": {"path":"/Users/sunven/github/QHelper/lib/chrome/cookies.ts","statementMap":{"0":{"start":{"line":7,"column":2},"end":{"line":7,"column":null}},"1":{"start":{"line":13,"column":2},"end":{"line":13,"column":null}},"2":{"start":{"line":17,"column":18},"end":{"line":17,"column":null}},"3":{"start":{"line":18,"column":2},"end":{"line":20,"column":null}},"4":{"start":{"line":19,"column":4},"end":{"line":19,"column":null}}},"fnMap":{"0":{"name":"getAll","decl":{"start":{"line":4,"column":22},"end":{"line":4,"column":null}},"loc":{"start":{"line":6,"column":36},"end":{"line":8,"column":null}},"line":6},"1":{"name":"remove","decl":{"start":{"line":10,"column":22},"end":{"line":10,"column":null}},"loc":{"start":{"line":12,"column":48},"end":{"line":14,"column":null}},"line":12},"2":{"name":"removeAll","decl":{"start":{"line":16,"column":22},"end":{"line":16,"column":49}},"loc":{"start":{"line":16,"column":49},"end":{"line":21,"column":null}},"line":16}},"branchMap":{"0":{"loc":{"start":{"line":7,"column":37},"end":{"line":7,"column":50}},"type":"binary-expr","locations":[{"start":{"line":7,"column":37},"end":{"line":7,"column":48}},{"start":{"line":7,"column":48},"end":{"line":7,"column":50}}],"line":7}},"s":{"0":6,"1":8,"2":3,"3":3,"4":6},"f":{"0":6,"1":8,"2":3},"b":{"0":[6,5]},"meta":{"lastBranch":1,"lastFunction":3,"lastStatement":5,"seen":{"f:4:22:4:Infinity":0,"s:7:2:7:Infinity":0,"b:7:37:7:48:7:48:7:50":0,"f:10:22:10:Infinity":1,"s:13:2:13:Infinity":1,"f:16:22:16:49":2,"s:17:18:17:Infinity":2,"s:18:2:20:Infinity":3,"s:19:4:19:Infinity":4}}}
,"/Users/sunven/github/QHelper/lib/chrome/storage.ts": {"path":"/Users/sunven/github/QHelper/lib/chrome/storage.ts","statementMap":{"0":{"start":{"line":11,"column":2},"end":{"line":15,"column":null}},"1":{"start":{"line":12,"column":4},"end":{"line":12,"column":null}},"2":{"start":{"line":14,"column":4},"end":{"line":14,"column":null}},"3":{"start":{"line":22,"column":2},"end":{"line":24,"column":null}},"4":{"start":{"line":23,"column":4},"end":{"line":23,"column":null}},"5":{"start":{"line":25,"column":2},"end":{"line":25,"column":null}},"6":{"start":{"line":32,"column":2},"end":{"line":34,"column":null}},"7":{"start":{"line":33,"column":4},"end":{"line":33,"column":null}},"8":{"start":{"line":35,"column":2},"end":{"line":35,"column":null}},"9":{"start":{"line":42,"column":2},"end":{"line":50,"column":null}},"10":{"start":{"line":43,"column":4},"end":{"line":49,"column":null}},"11":{"start":{"line":44,"column":22},"end":{"line":44,"column":null}},"12":{"start":{"line":45,"column":21},"end":{"line":45,"column":null}},"13":{"start":{"line":46,"column":6},"end":{"line":46,"column":null}},"14":{"start":{"line":48,"column":6},"end":{"line":48,"column":null}},"15":{"start":{"line":53,"column":2},"end":{"line":60,"column":null}},"16":{"start":{"line":54,"column":20},"end":{"line":54,"column":null}},"17":{"start":{"line":55,"column":18},"end":{"line":55,"column":null}},"18":{"start":{"line":56,"column":4},"end":{"line":56,"column":null}},"19":{"start":{"line":58,"column":4},"end":{"line":58,"column":null}},"20":{"start":{"line":59,"column":4},"end":{"line":59,"column":null}},"21":{"start":{"line":65,"column":2},"end":{"line":73,"column":null}},"22":{"start":{"line":66,"column":4},"end":{"line":72,"column":null}},"23":{"start":{"line":67,"column":22},"end":{"line":67,"column":null}},"24":{"start":{"line":68,"column":6},"end":{"line":68,"column":null}},"25":{"start":{"line":69,"column":6},"end":{"line":69,"column":null}},"26":{"start":{"line":71,"column":6},"end":{"line":71,"column":null}},"27":{"start":{"line":76,"column":2},"end":{"line":81,"column":null}},"28":{"start":{"line":77,"column":20},"end":{"line":77,"column":null}},"29":{"start":{"line":78,"column":4},"end":{"line":78,"column":null}},"30":{"start":{"line":80,"column":4},"end":{"line":80,"column":null}},"31":{"start":{"line":86,"column":2},"end":{"line":94,"column":null}},"32":{"start":{"line":87,"column":4},"end":{"line":93,"column":null}},"33":{"start":{"line":88,"column":22},"end":{"line":88,"column":null}},"34":{"start":{"line":89,"column":6},"end":{"line":89,"column":null}},"35":{"start":{"line":90,"column":6},"end":{"line":90,"column":null}},"36":{"start":{"line":92,"column":6},"end":{"line":92,"column":null}},"37":{"start":{"line":97,"column":2},"end":{"line":102,"column":null}},"38":{"start":{"line":98,"column":20},"end":{"line":98,"column":null}},"39":{"start":{"line":99,"column":4},"end":{"line":99,"column":null}},"40":{"start":{"line":101,"column":4},"end":{"line":101,"column":null}},"41":{"start":{"line":107,"column":2},"end":{"line":115,"column":null}},"42":{"start":{"line":108,"column":4},"end":{"line":114,"column":null}},"43":{"start":{"line":109,"column":22},"end":{"line":109,"column":null}},"44":{"start":{"line":110,"column":6},"end":{"line":110,"column":null}},"45":{"start":{"line":111,"column":6},"end":{"line":111,"column":null}},"46":{"start":{"line":113,"column":6},"end":{"line":113,"column":null}},"47":{"start":{"line":118,"column":2},"end":{"line":123,"column":null}},"48":{"start":{"line":119,"column":20},"end":{"line":119,"column":null}},"49":{"start":{"line":120,"column":4},"end":{"line":120,"column":null}},"50":{"start":{"line":122,"column":4},"end":{"line":122,"column":null}},"51":{"start":{"line":130,"column":2},"end":{"line":145,"column":null}},"52":{"start":{"line":131,"column":4},"end":{"line":131,"column":null}},"53":{"start":{"line":133,"column":4},"end":{"line":143,"column":null}},"54":{"start":{"line":134,"column":6},"end":{"line":142,"column":null}},"55":{"start":{"line":135,"column":73},"end":{"line":140,"column":null}},"56":{"start":{"line":141,"column":8},"end":{"line":141,"column":null}},"57":{"start":{"line":144,"column":4},"end":{"line":144,"column":null}},"58":{"start":{"line":146,"column":2},"end":{"line":146,"column":null}}},"fnMap":{"0":{"name":"isChromeStorageAvailable","decl":{"start":{"line":10,"column":9},"end":{"line":10,"column":45}},"loc":{"start":{"line":10,"column":45},"end":{"line":16,"column":null}},"line":10},"1":{"name":"getChromeStorage","decl":{"start":{"line":21,"column":9},"end":{"line":21,"column":28}},"loc":{"start":{"line":21,"column":28},"end":{"line":26,"column":null}},"line":21},"2":{"name":"getLocalStorage","decl":{"start":{"line":31,"column":9},"end":{"line":31,"column":27}},"loc":{"start":{"line":31,"column":27},"end":{"line":36,"column":null}},"line":31},"3":{"name":"get","decl":{"start":{"line":40,"column":22},"end":{"line":40,"column":29}},"loc":{"start":{"line":40,"column":84},"end":{"line":61,"column":null}},"line":40},"4":{"name":"set","decl":{"start":{"line":63,"column":22},"end":{"line":63,"column":29}},"loc":{"start":{"line":63,"column":67},"end":{"line":82,"column":null}},"line":63},"5":{"name":"remove","decl":{"start":{"line":84,"column":22},"end":{"line":84,"column":29}},"loc":{"start":{"line":84,"column":57},"end":{"line":103,"column":null}},"line":84},"6":{"name":"clear","decl":{"start":{"line":105,"column":22},"end":{"line":105,"column":45}},"loc":{"start":{"line":105,"column":45},"end":{"line":124,"column":null}},"line":105},"7":{"name":"onChanged","decl":{"start":{"line":126,"column":16},"end":{"line":126,"column":null}},"loc":{"start":{"line":129,"column":8},"end":{"line":147,"column":null}},"line":129},"8":{"name":"(anonymous_8)","decl":{"start":{"line":133,"column":39},"end":{"line":133,"column":40}},"loc":{"start":{"line":133,"column":50},"end":{"line":143,"column":5}},"line":133}},"branchMap":{"0":{"loc":{"start":{"line":12,"column":11},"end":{"line":12,"column":null}},"type":"binary-expr","locations":[{"start":{"line":12,"column":11},"end":{"line":12,"column":44}},{"start":{"line":12,"column":44},"end":{"line":12,"column":76}},{"start":{"line":12,"column":76},"end":{"line":12,"column":null}}],"line":12},"1":{"loc":{"start":{"line":22,"column":2},"end":{"line":24,"column":null}},"type":"if","locations":[{"start":{"line":22,"column":2},"end":{"line":24,"column":null}},{"start":{},"end":{}}],"line":22},"2":{"loc":{"start":{"line":32,"column":2},"end":{"line":34,"column":null}},"type":"if","locations":[{"start":{"line":32,"column":2},"end":{"line":34,"column":null}},{"start":{},"end":{}}],"line":32},"3":{"loc":{"start":{"line":42,"column":2},"end":{"line":50,"column":null}},"type":"if","locations":[{"start":{"line":42,"column":2},"end":{"line":50,"column":null}},{"start":{},"end":{}}],"line":42},"4":{"loc":{"start":{"line":46,"column":14},"end":{"line":46,"column":null}},"type":"binary-expr","locations":[{"start":{"line":46,"column":14},"end":{"line":46,"column":29}},{"start":{"line":46,"column":29},"end":{"line":46,"column":null}}],"line":46},"5":{"loc":{"start":{"line":56,"column":11},"end":{"line":56,"column":null}},"type":"cond-expr","locations":[{"start":{"line":56,"column":20},"end":{"line":56,"column":46}},{"start":{"line":56,"column":46},"end":{"line":56,"column":null}}],"line":56},"6":{"loc":{"start":{"line":65,"column":2},"end":{"line":73,"column":null}},"type":"if","locations":[{"start":{"line":65,"column":2},"end":{"line":73,"column":null}},{"start":{},"end":{}}],"line":65},"7":{"loc":{"start":{"line":86,"column":2},"end":{"line":94,"column":null}},"type":"if","locations":[{"start":{"line":86,"column":2},"end":{"line":94,"column":null}},{"start":{},"end":{}}],"line":86},"8":{"loc":{"start":{"line":107,"column":2},"end":{"line":115,"column":null}},"type":"if","locations":[{"start":{"line":107,"column":2},"end":{"line":115,"column":null}},{"start":{},"end":{}}],"line":107},"9":{"loc":{"start":{"line":130,"column":2},"end":{"line":145,"column":null}},"type":"if","locations":[{"start":{"line":130,"column":2},"end":{"line":145,"column":null}},{"start":{},"end":{}}],"line":130},"10":{"loc":{"start":{"line":134,"column":6},"end":{"line":142,"column":null}},"type":"if","locations":[{"start":{"line":134,"column":6},"end":{"line":142,"column":null}},{"start":{},"end":{}}],"line":134},"11":{"loc":{"start":{"line":134,"column":10},"end":{"line":134,"column":58}},"type":"binary-expr","locations":[{"start":{"line":134,"column":10},"end":{"line":134,"column":23}},{"start":{"line":134,"column":23},"end":{"line":134,"column":58}}],"line":134},"12":{"loc":{"start":{"line":137,"column":22},"end":{"line":137,"column":null}},"type":"cond-expr","locations":[{"start":{"line":137,"column":39},"end":{"line":137,"column":68}},{"start":{"line":137,"column":68},"end":{"line":137,"column":null}}],"line":137},"13":{"loc":{"start":{"line":138,"column":22},"end":{"line":138,"column":null}},"type":"cond-expr","locations":[{"start":{"line":138,"column":39},"end":{"line":138,"column":68}},{"start":{"line":138,"column":68},"end":{"line":138,"column":null}}],"line":138}},"s":{"0":40,"1":40,"2":2,"3":14,"4":1,"5":13,"6":12,"7":1,"8":11,"9":11,"10":7,"11":7,"12":7,"13":5,"14":2,"15":6,"16":6,"17":6,"18":6,"19":2,"20":2,"21":4,"22":3,"23":3,"24":3,"25":2,"26":1,"27":2,"28":2,"29":2,"30":1,"31":3,"32":2,"33":2,"34":2,"35":1,"36":1,"37":2,"38":2,"39":2,"40":1,"41":3,"42":2,"43":2,"44":2,"45":1,"46":1,"47":2,"48":2,"49":2,"50":1,"51":5,"52":4,"53":4,"54":16,"55":8,"56":8,"57":4,"58":1},"f":{"0":40,"1":14,"2":12,"3":11,"4":4,"5":3,"6":3,"7":5,"8":16},"b":{"0":[40,38,28],"1":[1,13],"2":[1,11],"3":[7,4],"4":[5,2],"5":[3,1],"6":[3,1],"7":[2,1],"8":[2,1],"9":[4,1],"10":[8,8],"11":[16,12],"12":[5,3],"13":[5,3]},"meta":{"lastBranch":14,"lastFunction":9,"lastStatement":59,"seen":{"f:10:9:10:45":0,"s:11:2:15:Infinity":0,"s:12:4:12:Infinity":1,"b:12:11:12:44:12:44:12:76:12:76:12:Infinity":0,"s:14:4:14:Infinity":2,"f:21:9:21:28":1,"b:22:2:24:Infinity:undefined:undefined:undefined:undefined":1,"s:22:2:24:Infinity":3,"s:23:4:23:Infinity":4,"s:25:2:25:Infinity":5,"f:31:9:31:27":2,"b:32:2:34:Infinity:undefined:undefined:undefined:undefined":2,"s:32:2:34:Infinity":6,"s:33:4:33:Infinity":7,"s:35:2:35:Infinity":8,"f:40:22:40:29":3,"b:42:2:50:Infinity:undefined:undefined:undefined:undefined":3,"s:42:2:50:Infinity":9,"s:43:4:49:Infinity":10,"s:44:22:44:Infinity":11,"s:45:21:45:Infinity":12,"s:46:6:46:Infinity":13,"b:46:14:46:29:46:29:46:Infinity":4,"s:48:6:48:Infinity":14,"s:53:2:60:Infinity":15,"s:54:20:54:Infinity":16,"s:55:18:55:Infinity":17,"s:56:4:56:Infinity":18,"b:56:20:56:46:56:46:56:Infinity":5,"s:58:4:58:Infinity":19,"s:59:4:59:Infinity":20,"f:63:22:63:29":4,"b:65:2:73:Infinity:undefined:undefined:undefined:undefined":6,"s:65:2:73:Infinity":21,"s:66:4:72:Infinity":22,"s:67:22:67:Infinity":23,"s:68:6:68:Infinity":24,"s:69:6:69:Infinity":25,"s:71:6:71:Infinity":26,"s:76:2:81:Infinity":27,"s:77:20:77:Infinity":28,"s:78:4:78:Infinity":29,"s:80:4:80:Infinity":30,"f:84:22:84:29":5,"b:86:2:94:Infinity:undefined:undefined:undefined:undefined":7,"s:86:2:94:Infinity":31,"s:87:4:93:Infinity":32,"s:88:22:88:Infinity":33,"s:89:6:89:Infinity":34,"s:90:6:90:Infinity":35,"s:92:6:92:Infinity":36,"s:97:2:102:Infinity":37,"s:98:20:98:Infinity":38,"s:99:4:99:Infinity":39,"s:101:4:101:Infinity":40,"f:105:22:105:45":6,"b:107:2:115:Infinity:undefined:undefined:undefined:undefined":8,"s:107:2:115:Infinity":41,"s:108:4:114:Infinity":42,"s:109:22:109:Infinity":43,"s:110:6:110:Infinity":44,"s:111:6:111:Infinity":45,"s:113:6:113:Infinity":46,"s:118:2:123:Infinity":47,"s:119:20:119:Infinity":48,"s:120:4:120:Infinity":49,"s:122:4:122:Infinity":50,"f:126:16:126:Infinity":7,"b:130:2:145:Infinity:undefined:undefined:undefined:undefined":9,"s:130:2:145:Infinity":51,"s:131:4:131:Infinity":52,"s:133:4:143:Infinity":53,"f:133:39:133:40":8,"b:134:6:142:Infinity:undefined:undefined:undefined:undefined":10,"s:134:6:142:Infinity":54,"b:134:10:134:23:134:23:134:58":11,"s:135:73:140:Infinity":55,"b:137:39:137:68:137:68:137:Infinity":12,"b:138:39:138:68:138:68:138:Infinity":13,"s:141:8:141:Infinity":56,"s:144:4:144:Infinity":57,"s:146:2:146:Infinity":58}}}
,"/Users/sunven/github/QHelper/lib/chrome/tabs.ts": {"path":"/Users/sunven/github/QHelper/lib/chrome/tabs.ts","statementMap":{"0":{"start":{"line":6,"column":2},"end":{"line":8,"column":null}},"1":{"start":{"line":7,"column":4},"end":{"line":7,"column":null}},"2":{"start":{"line":9,"column":2},"end":{"line":9,"column":null}},"3":{"start":{"line":15,"column":2},"end":{"line":15,"column":null}},"4":{"start":{"line":19,"column":16},"end":{"line":19,"column":null}},"5":{"start":{"line":20,"column":2},"end":{"line":20,"column":null}}},"fnMap":{"0":{"name":"create","decl":{"start":{"line":4,"column":22},"end":{"line":4,"column":29}},"loc":{"start":{"line":4,"column":68},"end":{"line":10,"column":null}},"line":4},"1":{"name":"query","decl":{"start":{"line":12,"column":22},"end":{"line":12,"column":null}},"loc":{"start":{"line":14,"column":30},"end":{"line":16,"column":null}},"line":14},"2":{"name":"getCurrent","decl":{"start":{"line":18,"column":22},"end":{"line":18,"column":73}},"loc":{"start":{"line":18,"column":73},"end":{"line":21,"column":null}},"line":18}},"branchMap":{"0":{"loc":{"start":{"line":6,"column":2},"end":{"line":8,"column":null}},"type":"if","locations":[{"start":{"line":6,"column":2},"end":{"line":8,"column":null}},{"start":{},"end":{}}],"line":6},"1":{"loc":{"start":{"line":6,"column":6},"end":{"line":6,"column":63}},"type":"binary-expr","locations":[{"start":{"line":6,"column":6},"end":{"line":6,"column":38}},{"start":{"line":6,"column":38},"end":{"line":6,"column":63}}],"line":6}},"s":{"0":4,"1":2,"2":4,"3":6,"4":3,"5":3},"f":{"0":4,"1":6,"2":3},"b":{"0":[2,2],"1":[4,3]},"meta":{"lastBranch":2,"lastFunction":3,"lastStatement":6,"seen":{"f:4:22:4:29":0,"b:6:2:8:Infinity:undefined:undefined:undefined:undefined":0,"s:6:2:8:Infinity":0,"b:6:6:6:38:6:38:6:63":1,"s:7:4:7:Infinity":1,"s:9:2:9:Infinity":2,"f:12:22:12:Infinity":1,"s:15:2:15:Infinity":3,"f:18:22:18:73":2,"s:19:16:19:Infinity":4,"s:20:2:20:Infinity":5}}}
,"/Users/sunven/github/QHelper/lib/github/zread-button.ts": {"path":"/Users/sunven/github/QHelper/lib/github/zread-button.ts","statementMap":{"0":{"start":{"line":1,"column":31},"end":{"line":1,"column":null}},"1":{"start":{"line":2,"column":38},"end":{"line":2,"column":null}},"2":{"start":{"line":3,"column":33},"end":{"line":3,"column":null}},"3":{"start":{"line":4,"column":37},"end":{"line":4,"column":null}},"4":{"start":{"line":5,"column":40},"end":{"line":9,"column":null}},"5":{"start":{"line":10,"column":34},"end":{"line":14,"column":null}},"6":{"start":{"line":15,"column":39},"end":{"line":19,"column":null}},"7":{"start":{"line":27,"column":2},"end":{"line":29,"column":null}},"8":{"start":{"line":28,"column":4},"end":{"line":28,"column":null}},"9":{"start":{"line":31,"column":2},"end":{"line":31,"column":null}},"10":{"start":{"line":35,"column":19},"end":{"line":35,"column":null}},"11":{"start":{"line":37,"column":2},"end":{"line":39,"column":null}},"12":{"start":{"line":38,"column":4},"end":{"line":38,"column":null}},"13":{"start":{"line":41,"column":24},"end":{"line":41,"column":null}},"14":{"start":{"line":42,"column":2},"end":{"line":42,"column":null}},"15":{"start":{"line":46,"column":2},"end":{"line":46,"column":null}},"16":{"start":{"line":50,"column":2},"end":{"line":52,"column":null}},"17":{"start":{"line":57,"column":26},"end":{"line":57,"column":null}},"18":{"start":{"line":58,"column":2},"end":{"line":60,"column":null}},"19":{"start":{"line":59,"column":4},"end":{"line":59,"column":null}},"20":{"start":{"line":62,"column":2},"end":{"line":62,"column":null}},"21":{"start":{"line":66,"column":2},"end":{"line":68,"column":null}},"22":{"start":{"line":67,"column":4},"end":{"line":67,"column":null}},"23":{"start":{"line":72,"column":2},"end":{"line":75,"column":null}},"24":{"start":{"line":80,"column":2},"end":{"line":80,"column":null}},"25":{"start":{"line":80,"column":59},"end":{"line":80,"column":92}},"26":{"start":{"line":84,"column":2},"end":{"line":100,"column":null}},"27":{"start":{"line":87,"column":6},"end":{"line":89,"column":null}},"28":{"start":{"line":88,"column":8},"end":{"line":88,"column":null}},"29":{"start":{"line":91,"column":29},"end":{"line":91,"column":null}},"30":{"start":{"line":92,"column":6},"end":{"line":95,"column":null}},"31":{"start":{"line":93,"column":8},"end":{"line":93,"column":null}},"32":{"start":{"line":94,"column":8},"end":{"line":94,"column":null}},"33":{"start":{"line":97,"column":6},"end":{"line":99,"column":null}},"34":{"start":{"line":98,"column":8},"end":{"line":98,"column":null}},"35":{"start":{"line":104,"column":17},"end":{"line":104,"column":null}},"36":{"start":{"line":105,"column":2},"end":{"line":105,"column":null}},"37":{"start":{"line":106,"column":2},"end":{"line":106,"column":null}},"38":{"start":{"line":107,"column":2},"end":{"line":107,"column":null}},"39":{"start":{"line":108,"column":2},"end":{"line":108,"column":null}},"40":{"start":{"line":109,"column":2},"end":{"line":109,"column":null}},"41":{"start":{"line":110,"column":2},"end":{"line":110,"column":null}},"42":{"start":{"line":111,"column":2},"end":{"line":111,"column":null}},"43":{"start":{"line":115,"column":19},"end":{"line":115,"column":null}},"44":{"start":{"line":116,"column":2},"end":{"line":116,"column":null}},"45":{"start":{"line":117,"column":2},"end":{"line":117,"column":null}},"46":{"start":{"line":118,"column":2},"end":{"line":118,"column":null}},"47":{"start":{"line":122,"column":18},"end":{"line":122,"column":null}},"48":{"start":{"line":123,"column":2},"end":{"line":123,"column":null}},"49":{"start":{"line":124,"column":2},"end":{"line":124,"column":null}},"50":{"start":{"line":125,"column":2},"end":{"line":125,"column":null}},"51":{"start":{"line":126,"column":2},"end":{"line":126,"column":null}},"52":{"start":{"line":130,"column":2},"end":{"line":135,"column":null}},"53":{"start":{"line":131,"column":18},"end":{"line":131,"column":null}},"54":{"start":{"line":132,"column":4},"end":{"line":134,"column":null}},"55":{"start":{"line":133,"column":6},"end":{"line":133,"column":null}},"56":{"start":{"line":137,"column":2},"end":{"line":137,"column":null}},"57":{"start":{"line":141,"column":2},"end":{"line":141,"column":null}},"58":{"start":{"line":142,"column":2},"end":{"line":142,"column":null}},"59":{"start":{"line":144,"column":26},"end":{"line":144,"column":null}},"60":{"start":{"line":145,"column":2},"end":{"line":147,"column":null}},"61":{"start":{"line":146,"column":4},"end":{"line":146,"column":null}},"62":{"start":{"line":149,"column":15},"end":{"line":149,"column":null}},"63":{"start":{"line":150,"column":21},"end":{"line":150,"column":null}},"64":{"start":{"line":152,"column":2},"end":{"line":155,"column":null}},"65":{"start":{"line":153,"column":4},"end":{"line":153,"column":null}},"66":{"start":{"line":154,"column":4},"end":{"line":154,"column":null}},"67":{"start":{"line":157,"column":25},"end":{"line":157,"column":null}},"68":{"start":{"line":158,"column":2},"end":{"line":161,"column":null}},"69":{"start":{"line":159,"column":4},"end":{"line":159,"column":null}},"70":{"start":{"line":160,"column":4},"end":{"line":160,"column":null}},"71":{"start":{"line":163,"column":2},"end":{"line":163,"column":null}},"72":{"start":{"line":167,"column":21},"end":{"line":167,"column":null}},"73":{"start":{"line":170,"column":24},"end":{"line":180,"column":null}},"74":{"start":{"line":171,"column":4},"end":{"line":174,"column":null}},"75":{"start":{"line":172,"column":6},"end":{"line":172,"column":null}},"76":{"start":{"line":173,"column":6},"end":{"line":173,"column":null}},"77":{"start":{"line":176,"column":21},"end":{"line":176,"column":null}},"78":{"start":{"line":177,"column":4},"end":{"line":179,"column":null}},"79":{"start":{"line":178,"column":6},"end":{"line":178,"column":null}},"80":{"start":{"line":182,"column":32},"end":{"line":189,"column":null}},"81":{"start":{"line":183,"column":4},"end":{"line":185,"column":null}},"82":{"start":{"line":184,"column":6},"end":{"line":184,"column":null}},"83":{"start":{"line":187,"column":4},"end":{"line":187,"column":null}},"84":{"start":{"line":188,"column":4},"end":{"line":188,"column":null}},"85":{"start":{"line":191,"column":2},"end":{"line":191,"column":null}},"86":{"start":{"line":193,"column":2},"end":{"line":193,"column":null}},"87":{"start":{"line":194,"column":2},"end":{"line":194,"column":null}},"88":{"start":{"line":195,"column":2},"end":{"line":195,"column":null}},"89":{"start":{"line":197,"column":19},"end":{"line":206,"column":null}},"90":{"start":{"line":198,"column":4},"end":{"line":198,"column":null}},"91":{"start":{"line":200,"column":4},"end":{"line":205,"column":null}},"92":{"start":{"line":204,"column":6},"end":{"line":204,"column":null}},"93":{"start":{"line":208,"column":2},"end":{"line":211,"column":null}}},"fnMap":{"0":{"name":"normalizePathname","decl":{"start":{"line":26,"column":9},"end":{"line":26,"column":27}},"loc":{"start":{"line":26,"column":53},"end":{"line":32,"column":null}},"line":26},"1":{"name":"parseRepoCoordinates","decl":{"start":{"line":34,"column":16},"end":{"line":34,"column":37}},"loc":{"start":{"line":34,"column":79},"end":{"line":43,"column":null}},"line":34},"2":{"name":"buildZreadUrl","decl":{"start":{"line":45,"column":16},"end":{"line":45,"column":30}},"loc":{"start":{"line":45,"column":72},"end":{"line":47,"column":null}},"line":45},"3":{"name":"hasRepositoryMetadata","decl":{"start":{"line":49,"column":9},"end":{"line":49,"column":31}},"loc":{"start":{"line":49,"column":89},"end":{"line":54,"column":null}},"line":49},"4":{"name":"getRepositoryCoordinates","decl":{"start":{"line":56,"column":9},"end":{"line":56,"column":34}},"loc":{"start":{"line":56,"column":91},"end":{"line":63,"column":null}},"line":56},"5":{"name":"removeInjectedZreadButton","decl":{"start":{"line":65,"column":9},"end":{"line":65,"column":35}},"loc":{"start":{"line":65,"column":56},"end":{"line":69,"column":null}},"line":65},"6":{"name":"(anonymous_6)","decl":{"start":{"line":66,"column":55},"end":{"line":66,"column":56}},"loc":{"start":{"line":66,"column":68},"end":{"line":68,"column":3}},"line":66},"7":{"name":"isLegacyVscodeButton","decl":{"start":{"line":71,"column":9},"end":{"line":71,"column":30}},"loc":{"start":{"line":71,"column":66},"end":{"line":77,"column":null}},"line":71},"8":{"name":"isInLegacyHeaderPlacement","decl":{"start":{"line":79,"column":9},"end":{"line":79,"column":35}},"loc":{"start":{"line":79,"column":71},"end":{"line":81,"column":null}},"line":79},"9":{"name":"(anonymous_9)","decl":{"start":{"line":80,"column":45},"end":{"line":80,"column":46}},"loc":{"start":{"line":80,"column":59},"end":{"line":80,"column":92}},"line":80},"10":{"name":"removeLegacyVscodeButtons","decl":{"start":{"line":83,"column":16},"end":{"line":83,"column":42}},"loc":{"start":{"line":83,"column":63},"end":{"line":101,"column":null}},"line":83},"11":{"name":"(anonymous_11)","decl":{"start":{"line":86,"column":13},"end":{"line":86,"column":14}},"loc":{"start":{"line":86,"column":25},"end":{"line":100,"column":5}},"line":86},"12":{"name":"createZreadAnchor","decl":{"start":{"line":103,"column":9},"end":{"line":103,"column":27}},"loc":{"start":{"line":103,"column":75},"end":{"line":112,"column":null}},"line":103},"13":{"name":"createActionListItem","decl":{"start":{"line":114,"column":9},"end":{"line":114,"column":30}},"loc":{"start":{"line":114,"column":74},"end":{"line":119,"column":null}},"line":114},"14":{"name":"createHeaderFallback","decl":{"start":{"line":121,"column":9},"end":{"line":121,"column":30}},"loc":{"start":{"line":121,"column":75},"end":{"line":127,"column":null}},"line":121},"15":{"name":"findFirstMatch","decl":{"start":{"line":129,"column":9},"end":{"line":129,"column":43}},"loc":{"start":{"line":129,"column":89},"end":{"line":138,"column":null}},"line":129},"16":{"name":"syncZreadButton","decl":{"start":{"line":140,"column":16},"end":{"line":140,"column":32}},"loc":{"start":{"line":140,"column":74},"end":{"line":164,"column":null}},"line":140},"17":{"name":"installGitHubZreadButton","decl":{"start":{"line":166,"column":16},"end":{"line":166,"column":41}},"loc":{"start":{"line":166,"column":75},"end":{"line":212,"column":null}},"line":166},"18":{"name":"(anonymous_18)","decl":{"start":{"line":170,"column":24},"end":{"line":170,"column":30}},"loc":{"start":{"line":170,"column":30},"end":{"line":180,"column":null}},"line":170},"19":{"name":"(anonymous_19)","decl":{"start":{"line":182,"column":32},"end":{"line":182,"column":38}},"loc":{"start":{"line":182,"column":38},"end":{"line":189,"column":null}},"line":182},"20":{"name":"(anonymous_20)","decl":{"start":{"line":197,"column":40},"end":{"line":197,"column":46}},"loc":{"start":{"line":197,"column":46},"end":{"line":206,"column":3}},"line":197}},"branchMap":{"0":{"loc":{"start":{"line":27,"column":2},"end":{"line":29,"column":null}},"type":"if","locations":[{"start":{"line":27,"column":2},"end":{"line":29,"column":null}},{"start":{},"end":{}}],"line":27},"1":{"loc":{"start":{"line":37,"column":2},"end":{"line":39,"column":null}},"type":"if","locations":[{"start":{"line":37,"column":2},"end":{"line":39,"column":null}},{"start":{},"end":{}}],"line":37},"2":{"loc":{"start":{"line":58,"column":2},"end":{"line":60,"column":null}},"type":"if","locations":[{"start":{"line":58,"column":2},"end":{"line":60,"column":null}},{"start":{},"end":{}}],"line":58},"3":{"loc":{"start":{"line":58,"column":6},"end":{"line":58,"column":72}},"type":"binary-expr","locations":[{"start":{"line":58,"column":6},"end":{"line":58,"column":26}},{"start":{"line":58,"column":26},"end":{"line":58,"column":72}}],"line":58},"4":{"loc":{"start":{"line":73,"column":4},"end":{"line":75,"column":null}},"type":"binary-expr","locations":[{"start":{"line":73,"column":4},"end":{"line":73,"column":null}},{"start":{"line":74,"column":4},"end":{"line":74,"column":null}},{"start":{"line":75,"column":4},"end":{"line":75,"column":null}}],"line":73},"5":{"loc":{"start":{"line":87,"column":6},"end":{"line":89,"column":null}},"type":"if","locations":[{"start":{"line":87,"column":6},"end":{"line":89,"column":null}},{"start":{},"end":{}}],"line":87},"6":{"loc":{"start":{"line":92,"column":6},"end":{"line":95,"column":null}},"type":"if","locations":[{"start":{"line":92,"column":6},"end":{"line":95,"column":null}},{"start":{},"end":{}}],"line":92},"7":{"loc":{"start":{"line":97,"column":6},"end":{"line":99,"column":null}},"type":"if","locations":[{"start":{"line":97,"column":6},"end":{"line":99,"column":null}},{"start":{},"end":{}}],"line":97},"8":{"loc":{"start":{"line":132,"column":4},"end":{"line":134,"column":null}},"type":"if","locations":[{"start":{"line":132,"column":4},"end":{"line":134,"column":null}},{"start":{},"end":{}}],"line":132},"9":{"loc":{"start":{"line":145,"column":2},"end":{"line":147,"column":null}},"type":"if","locations":[{"start":{"line":145,"column":2},"end":{"line":147,"column":null}},{"start":{},"end":{}}],"line":145},"10":{"loc":{"start":{"line":152,"column":2},"end":{"line":155,"column":null}},"type":"if","locations":[{"start":{"line":152,"column":2},"end":{"line":155,"column":null}},{"start":{},"end":{}}],"line":152},"11":{"loc":{"start":{"line":158,"column":2},"end":{"line":161,"column":null}},"type":"if","locations":[{"start":{"line":158,"column":2},"end":{"line":161,"column":null}},{"start":{},"end":{}}],"line":158},"12":{"loc":{"start":{"line":171,"column":4},"end":{"line":174,"column":null}},"type":"if","locations":[{"start":{"line":171,"column":4},"end":{"line":174,"column":null}},{"start":{},"end":{}}],"line":171},"13":{"loc":{"start":{"line":177,"column":4},"end":{"line":179,"column":null}},"type":"if","locations":[{"start":{"line":177,"column":4},"end":{"line":179,"column":null}},{"start":{},"end":{}}],"line":177},"14":{"loc":{"start":{"line":177,"column":8},"end":{"line":177,"column":75}},"type":"binary-expr","locations":[{"start":{"line":177,"column":8},"end":{"line":177,"column":64}},{"start":{"line":177,"column":64},"end":{"line":177,"column":75}}],"line":177},"15":{"loc":{"start":{"line":183,"column":4},"end":{"line":185,"column":null}},"type":"if","locations":[{"start":{"line":183,"column":4},"end":{"line":185,"column":null}},{"start":{},"end":{}}],"line":183},"16":{"loc":{"start":{"line":200,"column":4},"end":{"line":205,"column":null}},"type":"if","locations":[{"start":{"line":200,"column":4},"end":{"line":205,"column":null}},{"start":{},"end":{}}],"line":200},"17":{"loc":{"start":{"line":201,"column":6},"end":{"line":202,"column":null}},"type":"binary-expr","locations":[{"start":{"line":201,"column":6},"end":{"line":201,"column":null}},{"start":{"line":202,"column":6},"end":{"line":202,"column":null}}],"line":201}},"s":{"0":1,"1":1,"2":1,"3":1,"4":1,"5":1,"6":1,"7":40,"8":1,"9":39,"10":40,"11":40,"12":11,"13":29,"14":29,"15":18,"16":27,"17":35,"18":35,"19":9,"20":26,"21":25,"22":3,"23":6,"24":3,"25":5,"26":25,"27":6,"28":2,"29":4,"30":4,"31":1,"32":1,"33":3,"34":2,"35":15,"36":15,"37":15,"38":15,"39":15,"40":15,"41":15,"42":15,"43":12,"44":12,"45":12,"46":12,"47":3,"48":3,"49":3,"50":3,"51":3,"52":22,"53":40,"54":40,"55":15,"56":7,"57":25,"58":25,"59":25,"60":25,"61":8,"62":17,"63":17,"64":17,"65":12,"66":12,"67":5,"68":5,"69":3,"70":3,"71":2,"72":5,"73":5,"74":8,"75":1,"76":1,"77":8,"78":8,"79":1,"80":5,"81":6,"82":5,"83":1,"84":1,"85":5,"86":5,"87":5,"88":5,"89":5,"90":2,"91":2,"92":1,"93":5},"f":{"0":40,"1":40,"2":18,"3":27,"4":35,"5":25,"6":3,"7":6,"8":3,"9":5,"10":25,"11":6,"12":15,"13":12,"14":3,"15":22,"16":25,"17":5,"18":8,"19":6,"20":2},"b":{"0":[1,39],"1":[11,29],"2":[9,26],"3":[35,27],"4":[6,4,4],"5":[2,4],"6":[1,3],"7":[2,1],"8":[15,25],"9":[8,17],"10":[12,5],"11":[3,2],"12":[1,7],"13":[1,7],"14":[8,7],"15":[5,1],"16":[1,1],"17":[2,2]},"meta":{"lastBranch":18,"lastFunction":21,"lastStatement":94,"seen":{"s:1:31:1:Infinity":0,"s:2:38:2:Infinity":1,"s:3:33:3:Infinity":2,"s:4:37:4:Infinity":3,"s:5:40:9:Infinity":4,"s:10:34:14:Infinity":5,"s:15:39:19:Infinity":6,"f:26:9:26:27":0,"b:27:2:29:Infinity:undefined:undefined:undefined:undefined":0,"s:27:2:29:Infinity":7,"s:28:4:28:Infinity":8,"s:31:2:31:Infinity":9,"f:34:16:34:37":1,"s:35:19:35:Infinity":10,"b:37:2:39:Infinity:undefined:undefined:undefined:undefined":1,"s:37:2:39:Infinity":11,"s:38:4:38:Infinity":12,"s:41:24:41:Infinity":13,"s:42:2:42:Infinity":14,"f:45:16:45:30":2,"s:46:2:46:Infinity":15,"f:49:9:49:31":3,"s:50:2:52:Infinity":16,"f:56:9:56:34":4,"s:57:26:57:Infinity":17,"b:58:2:60:Infinity:undefined:undefined:undefined:undefined":2,"s:58:2:60:Infinity":18,"b:58:6:58:26:58:26:58:72":3,"s:59:4:59:Infinity":19,"s:62:2:62:Infinity":20,"f:65:9:65:35":5,"s:66:2:68:Infinity":21,"f:66:55:66:56":6,"s:67:4:67:Infinity":22,"f:71:9:71:30":7,"s:72:2:75:Infinity":23,"b:73:4:73:Infinity:74:4:74:Infinity:75:4:75:Infinity":4,"f:79:9:79:35":8,"s:80:2:80:Infinity":24,"f:80:45:80:46":9,"s:80:59:80:92":25,"f:83:16:83:42":10,"s:84:2:100:Infinity":26,"f:86:13:86:14":11,"b:87:6:89:Infinity:undefined:undefined:undefined:undefined":5,"s:87:6:89:Infinity":27,"s:88:8:88:Infinity":28,"s:91:29:91:Infinity":29,"b:92:6:95:Infinity:undefined:undefined:undefined:undefined":6,"s:92:6:95:Infinity":30,"s:93:8:93:Infinity":31,"s:94:8:94:Infinity":32,"b:97:6:99:Infinity:undefined:undefined:undefined:undefined":7,"s:97:6:99:Infinity":33,"s:98:8:98:Infinity":34,"f:103:9:103:27":12,"s:104:17:104:Infinity":35,"s:105:2:105:Infinity":36,"s:106:2:106:Infinity":37,"s:107:2:107:Infinity":38,"s:108:2:108:Infinity":39,"s:109:2:109:Infinity":40,"s:110:2:110:Infinity":41,"s:111:2:111:Infinity":42,"f:114:9:114:30":13,"s:115:19:115:Infinity":43,"s:116:2:116:Infinity":44,"s:117:2:117:Infinity":45,"s:118:2:118:Infinity":46,"f:121:9:121:30":14,"s:122:18:122:Infinity":47,"s:123:2:123:Infinity":48,"s:124:2:124:Infinity":49,"s:125:2:125:Infinity":50,"s:126:2:126:Infinity":51,"f:129:9:129:43":15,"s:130:2:135:Infinity":52,"s:131:18:131:Infinity":53,"b:132:4:134:Infinity:undefined:undefined:undefined:undefined":8,"s:132:4:134:Infinity":54,"s:133:6:133:Infinity":55,"s:137:2:137:Infinity":56,"f:140:16:140:32":16,"s:141:2:141:Infinity":57,"s:142:2:142:Infinity":58,"s:144:26:144:Infinity":59,"b:145:2:147:Infinity:undefined:undefined:undefined:undefined":9,"s:145:2:147:Infinity":60,"s:146:4:146:Infinity":61,"s:149:15:149:Infinity":62,"s:150:21:150:Infinity":63,"b:152:2:155:Infinity:undefined:undefined:undefined:undefined":10,"s:152:2:155:Infinity":64,"s:153:4:153:Infinity":65,"s:154:4:154:Infinity":66,"s:157:25:157:Infinity":67,"b:158:2:161:Infinity:undefined:undefined:undefined:undefined":11,"s:158:2:161:Infinity":68,"s:159:4:159:Infinity":69,"s:160:4:160:Infinity":70,"s:163:2:163:Infinity":71,"f:166:16:166:41":17,"s:167:21:167:Infinity":72,"s:170:24:180:Infinity":73,"f:170:24:170:30":18,"b:171:4:174:Infinity:undefined:undefined:undefined:undefined":12,"s:171:4:174:Infinity":74,"s:172:6:172:Infinity":75,"s:173:6:173:Infinity":76,"s:176:21:176:Infinity":77,"b:177:4:179:Infinity:undefined:undefined:undefined:undefined":13,"s:177:4:179:Infinity":78,"b:177:8:177:64:177:64:177:75":14,"s:178:6:178:Infinity":79,"s:182:32:189:Infinity":80,"f:182:32:182:38":19,"b:183:4:185:Infinity:undefined:undefined:undefined:undefined":15,"s:183:4:185:Infinity":81,"s:184:6:184:Infinity":82,"s:187:4:187:Infinity":83,"s:188:4:188:Infinity":84,"s:191:2:191:Infinity":85,"s:193:2:193:Infinity":86,"s:194:2:194:Infinity":87,"s:195:2:195:Infinity":88,"s:197:19:206:Infinity":89,"f:197:40:197:46":20,"s:198:4:198:Infinity":90,"b:200:4:205:Infinity:undefined:undefined:undefined:undefined":16,"s:200:4:205:Infinity":91,"b:201:6:201:Infinity:202:6:202:Infinity":17,"s:204:6:204:Infinity":92,"s:208:2:211:Infinity":93}}}
,"/Users/sunven/github/QHelper/lib/utils/jsonDiff.ts": {"path":"/Users/sunven/github/QHelper/lib/utils/jsonDiff.ts","statementMap":{"0":{"start":{"line":25,"column":2},"end":{"line":25,"column":null}},"1":{"start":{"line":25,"column":15},"end":{"line":25,"column":null}},"2":{"start":{"line":27,"column":2},"end":{"line":27,"column":null}},"3":{"start":{"line":27,"column":30},"end":{"line":27,"column":null}},"4":{"start":{"line":29,"column":2},"end":{"line":32,"column":null}},"5":{"start":{"line":30,"column":4},"end":{"line":30,"column":null}},"6":{"start":{"line":30,"column":31},"end":{"line":30,"column":null}},"7":{"start":{"line":31,"column":4},"end":{"line":31,"column":null}},"8":{"start":{"line":31,"column":36},"end":{"line":31,"column":59}},"9":{"start":{"line":34,"column":2},"end":{"line":43,"column":null}},"10":{"start":{"line":35,"column":18},"end":{"line":35,"column":null}},"11":{"start":{"line":36,"column":18},"end":{"line":36,"column":null}},"12":{"start":{"line":38,"column":4},"end":{"line":38,"column":null}},"13":{"start":{"line":38,"column":39},"end":{"line":38,"column":null}},"14":{"start":{"line":40,"column":4},"end":{"line":42,"column":null}},"15":{"start":{"line":41,"column":6},"end":{"line":41,"column":null}},"16":{"start":{"line":45,"column":2},"end":{"line":45,"column":null}},"17":{"start":{"line":58,"column":2},"end":{"line":60,"column":null}},"18":{"start":{"line":59,"column":4},"end":{"line":59,"column":null}},"19":{"start":{"line":63,"column":2},"end":{"line":66,"column":null}},"20":{"start":{"line":64,"column":4},"end":{"line":64,"column":null}},"21":{"start":{"line":65,"column":4},"end":{"line":65,"column":null}},"22":{"start":{"line":69,"column":2},"end":{"line":72,"column":null}},"23":{"start":{"line":70,"column":4},"end":{"line":70,"column":null}},"24":{"start":{"line":71,"column":4},"end":{"line":71,"column":null}},"25":{"start":{"line":74,"column":2},"end":{"line":76,"column":null}},"26":{"start":{"line":75,"column":4},"end":{"line":75,"column":null}},"27":{"start":{"line":79,"column":2},"end":{"line":82,"column":null}},"28":{"start":{"line":80,"column":4},"end":{"line":80,"column":null}},"29":{"start":{"line":81,"column":4},"end":{"line":81,"column":null}},"30":{"start":{"line":85,"column":2},"end":{"line":101,"column":null}},"31":{"start":{"line":86,"column":22},"end":{"line":86,"column":null}},"32":{"start":{"line":88,"column":4},"end":{"line":98,"column":null}},"33":{"start":{"line":88,"column":17},"end":{"line":88,"column":20}},"34":{"start":{"line":89,"column":23},"end":{"line":89,"column":null}},"35":{"start":{"line":91,"column":6},"end":{"line":97,"column":null}},"36":{"start":{"line":92,"column":8},"end":{"line":92,"column":null}},"37":{"start":{"line":93,"column":6},"end":{"line":97,"column":null}},"38":{"start":{"line":94,"column":8},"end":{"line":94,"column":null}},"39":{"start":{"line":96,"column":8},"end":{"line":96,"column":null}},"40":{"start":{"line":100,"column":4},"end":{"line":100,"column":null}},"41":{"start":{"line":104,"column":2},"end":{"line":129,"column":null}},"42":{"start":{"line":105,"column":20},"end":{"line":105,"column":null}},"43":{"start":{"line":106,"column":20},"end":{"line":106,"column":null}},"44":{"start":{"line":107,"column":20},"end":{"line":107,"column":null}},"45":{"start":{"line":109,"column":4},"end":{"line":126,"column":null}},"46":{"start":{"line":110,"column":23},"end":{"line":110,"column":null}},"47":{"start":{"line":111,"column":21},"end":{"line":111,"column":null}},"48":{"start":{"line":112,"column":21},"end":{"line":112,"column":null}},"49":{"start":{"line":114,"column":6},"end":{"line":125,"column":null}},"50":{"start":{"line":115,"column":8},"end":{"line":115,"column":null}},"51":{"start":{"line":116,"column":6},"end":{"line":125,"column":null}},"52":{"start":{"line":117,"column":8},"end":{"line":117,"column":null}},"53":{"start":{"line":119,"column":8},"end":{"line":124,"column":null}},"54":{"start":{"line":128,"column":4},"end":{"line":128,"column":null}},"55":{"start":{"line":132,"column":2},"end":{"line":132,"column":null}},"56":{"start":{"line":134,"column":2},"end":{"line":134,"column":null}},"57":{"start":{"line":161,"column":2},"end":{"line":169,"column":null}},"58":{"start":{"line":162,"column":4},"end":{"line":166,"column":null}},"59":{"start":{"line":163,"column":6},"end":{"line":163,"column":null}},"60":{"start":{"line":165,"column":6},"end":{"line":165,"column":null}},"61":{"start":{"line":168,"column":4},"end":{"line":168,"column":null}},"62":{"start":{"line":171,"column":2},"end":{"line":179,"column":null}},"63":{"start":{"line":172,"column":4},"end":{"line":176,"column":null}},"64":{"start":{"line":173,"column":6},"end":{"line":173,"column":null}},"65":{"start":{"line":175,"column":6},"end":{"line":175,"column":null}},"66":{"start":{"line":178,"column":4},"end":{"line":178,"column":null}},"67":{"start":{"line":181,"column":32},"end":{"line":181,"column":null}},"68":{"start":{"line":182,"column":2},"end":{"line":182,"column":null}},"69":{"start":{"line":184,"column":2},"end":{"line":187,"column":null}},"70":{"start":{"line":194,"column":18},"end":{"line":194,"column":null}},"71":{"start":{"line":195,"column":18},"end":{"line":200,"column":null}},"72":{"start":{"line":202,"column":17},"end":{"line":202,"column":null}},"73":{"start":{"line":203,"column":2},"end":{"line":209,"column":null}},"74":{"start":{"line":204,"column":4},"end":{"line":204,"column":null}},"75":{"start":{"line":205,"column":2},"end":{"line":209,"column":null}},"76":{"start":{"line":206,"column":4},"end":{"line":206,"column":null}},"77":{"start":{"line":207,"column":2},"end":{"line":209,"column":null}},"78":{"start":{"line":208,"column":4},"end":{"line":208,"column":null}},"79":{"start":{"line":211,"column":2},"end":{"line":211,"column":null}},"80":{"start":{"line":218,"column":2},"end":{"line":220,"column":null}},"81":{"start":{"line":219,"column":4},"end":{"line":219,"column":null}},"82":{"start":{"line":222,"column":16},"end":{"line":222,"column":null}},"83":{"start":{"line":223,"column":2},"end":{"line":223,"column":null}}},"fnMap":{"0":{"name":"isEqual","decl":{"start":{"line":24,"column":9},"end":{"line":24,"column":17}},"loc":{"start":{"line":24,"column":50},"end":{"line":46,"column":null}},"line":24},"1":{"name":"(anonymous_1)","decl":{"start":{"line":31,"column":19},"end":{"line":31,"column":20}},"loc":{"start":{"line":31,"column":36},"end":{"line":31,"column":59}},"line":31},"2":{"name":"(anonymous_2)","decl":{"start":{"line":40,"column":23},"end":{"line":40,"column":24}},"loc":{"start":{"line":41,"column":6},"end":{"line":41,"column":null}},"line":41},"3":{"name":"compare","decl":{"start":{"line":51,"column":9},"end":{"line":51,"column":null}},"loc":{"start":{"line":56,"column":16},"end":{"line":135,"column":null}},"line":56},"4":{"name":"jsonDiff","decl":{"start":{"line":156,"column":16},"end":{"line":156,"column":25}},"loc":{"start":{"line":156,"column":73},"end":{"line":188,"column":null}},"line":156},"5":{"name":"formatDiffChange","decl":{"start":{"line":193,"column":16},"end":{"line":193,"column":33}},"loc":{"start":{"line":193,"column":61},"end":{"line":212,"column":null}},"line":193},"6":{"name":"generateDiffReport","decl":{"start":{"line":217,"column":16},"end":{"line":217,"column":35}},"loc":{"start":{"line":217,"column":61},"end":{"line":224,"column":null}},"line":217}},"branchMap":{"0":{"loc":{"start":{"line":25,"column":2},"end":{"line":25,"column":null}},"type":"if","locations":[{"start":{"line":25,"column":2},"end":{"line":25,"column":null}},{"start":{},"end":{}}],"line":25},"1":{"loc":{"start":{"line":27,"column":2},"end":{"line":27,"column":null}},"type":"if","locations":[{"start":{"line":27,"column":2},"end":{"line":27,"column":null}},{"start":{},"end":{}}],"line":27},"2":{"loc":{"start":{"line":27,"column":6},"end":{"line":27,"column":30}},"type":"binary-expr","locations":[{"start":{"line":27,"column":6},"end":{"line":27,"column":19}},{"start":{"line":27,"column":19},"end":{"line":27,"column":30}}],"line":27},"3":{"loc":{"start":{"line":29,"column":2},"end":{"line":32,"column":null}},"type":"if","locations":[{"start":{"line":29,"column":2},"end":{"line":32,"column":null}},{"start":{},"end":{}}],"line":29},"4":{"loc":{"start":{"line":29,"column":6},"end":{"line":29,"column":44}},"type":"binary-expr","locations":[{"start":{"line":29,"column":6},"end":{"line":29,"column":26}},{"start":{"line":29,"column":26},"end":{"line":29,"column":44}}],"line":29},"5":{"loc":{"start":{"line":30,"column":4},"end":{"line":30,"column":null}},"type":"if","locations":[{"start":{"line":30,"column":4},"end":{"line":30,"column":null}},{"start":{},"end":{}}],"line":30},"6":{"loc":{"start":{"line":34,"column":2},"end":{"line":43,"column":null}},"type":"if","locations":[{"start":{"line":34,"column":2},"end":{"line":43,"column":null}},{"start":{},"end":{}}],"line":34},"7":{"loc":{"start":{"line":34,"column":6},"end":{"line":34,"column":54}},"type":"binary-expr","locations":[{"start":{"line":34,"column":6},"end":{"line":34,"column":31}},{"start":{"line":34,"column":31},"end":{"line":34,"column":54}}],"line":34},"8":{"loc":{"start":{"line":38,"column":4},"end":{"line":38,"column":null}},"type":"if","locations":[{"start":{"line":38,"column":4},"end":{"line":38,"column":null}},{"start":{},"end":{}}],"line":38},"9":{"loc":{"start":{"line":54,"column":2},"end":{"line":54,"column":null}},"type":"default-arg","locations":[{"start":{"line":54,"column":17},"end":{"line":54,"column":null}}],"line":54},"10":{"loc":{"start":{"line":55,"column":2},"end":{"line":55,"column":null}},"type":"default-arg","locations":[{"start":{"line":55,"column":26},"end":{"line":55,"column":null}}],"line":55},"11":{"loc":{"start":{"line":58,"column":2},"end":{"line":60,"column":null}},"type":"if","locations":[{"start":{"line":58,"column":2},"end":{"line":60,"column":null}},{"start":{},"end":{}}],"line":58},"12":{"loc":{"start":{"line":58,"column":6},"end":{"line":58,"column":56}},"type":"binary-expr","locations":[{"start":{"line":58,"column":6},"end":{"line":58,"column":32}},{"start":{"line":58,"column":32},"end":{"line":58,"column":56}}],"line":58},"13":{"loc":{"start":{"line":63,"column":2},"end":{"line":66,"column":null}},"type":"if","locations":[{"start":{"line":63,"column":2},"end":{"line":66,"column":null}},{"start":{},"end":{}}],"line":63},"14":{"loc":{"start":{"line":69,"column":2},"end":{"line":72,"column":null}},"type":"if","locations":[{"start":{"line":69,"column":2},"end":{"line":72,"column":null}},{"start":{},"end":{}}],"line":69},"15":{"loc":{"start":{"line":74,"column":2},"end":{"line":76,"column":null}},"type":"if","locations":[{"start":{"line":74,"column":2},"end":{"line":76,"column":null}},{"start":{},"end":{}}],"line":74},"16":{"loc":{"start":{"line":79,"column":2},"end":{"line":82,"column":null}},"type":"if","locations":[{"start":{"line":79,"column":2},"end":{"line":82,"column":null}},{"start":{},"end":{}}],"line":79},"17":{"loc":{"start":{"line":85,"column":2},"end":{"line":101,"column":null}},"type":"if","locations":[{"start":{"line":85,"column":2},"end":{"line":101,"column":null}},{"start":{},"end":{}}],"line":85},"18":{"loc":{"start":{"line":85,"column":6},"end":{"line":85,"column":58}},"type":"binary-expr","locations":[{"start":{"line":85,"column":6},"end":{"line":85,"column":33}},{"start":{"line":85,"column":33},"end":{"line":85,"column":58}}],"line":85},"19":{"loc":{"start":{"line":89,"column":23},"end":{"line":89,"column":null}},"type":"cond-expr","locations":[{"start":{"line":89,"column":30},"end":{"line":89,"column":48}},{"start":{"line":89,"column":48},"end":{"line":89,"column":null}}],"line":89},"20":{"loc":{"start":{"line":91,"column":6},"end":{"line":97,"column":null}},"type":"if","locations":[{"start":{"line":91,"column":6},"end":{"line":97,"column":null}},{"start":{"line":93,"column":6},"end":{"line":97,"column":null}}],"line":91},"21":{"loc":{"start":{"line":93,"column":6},"end":{"line":97,"column":null}},"type":"if","locations":[{"start":{"line":93,"column":6},"end":{"line":97,"column":null}},{"start":{"line":95,"column":13},"end":{"line":97,"column":null}}],"line":93},"22":{"loc":{"start":{"line":104,"column":2},"end":{"line":129,"column":null}},"type":"if","locations":[{"start":{"line":104,"column":2},"end":{"line":129,"column":null}},{"start":{},"end":{}}],"line":104},"23":{"loc":{"start":{"line":104,"column":6},"end":{"line":104,"column":68}},"type":"binary-expr","locations":[{"start":{"line":104,"column":6},"end":{"line":104,"column":38}},{"start":{"line":104,"column":38},"end":{"line":104,"column":68}}],"line":104},"24":{"loc":{"start":{"line":110,"column":23},"end":{"line":110,"column":null}},"type":"cond-expr","locations":[{"start":{"line":110,"column":30},"end":{"line":110,"column":49}},{"start":{"line":110,"column":49},"end":{"line":110,"column":null}}],"line":110},"25":{"loc":{"start":{"line":114,"column":6},"end":{"line":125,"column":null}},"type":"if","locations":[{"start":{"line":114,"column":6},"end":{"line":125,"column":null}},{"start":{"line":116,"column":6},"end":{"line":125,"column":null}}],"line":114},"26":{"loc":{"start":{"line":116,"column":6},"end":{"line":125,"column":null}},"type":"if","locations":[{"start":{"line":116,"column":6},"end":{"line":125,"column":null}},{"start":{"line":118,"column":13},"end":{"line":125,"column":null}}],"line":116},"27":{"loc":{"start":{"line":161,"column":2},"end":{"line":169,"column":null}},"type":"if","locations":[{"start":{"line":161,"column":2},"end":{"line":169,"column":null}},{"start":{"line":167,"column":9},"end":{"line":169,"column":null}}],"line":161},"28":{"loc":{"start":{"line":171,"column":2},"end":{"line":179,"column":null}},"type":"if","locations":[{"start":{"line":171,"column":2},"end":{"line":179,"column":null}},{"start":{"line":177,"column":9},"end":{"line":179,"column":null}}],"line":171},"29":{"loc":{"start":{"line":194,"column":18},"end":{"line":194,"column":null}},"type":"cond-expr","locations":[{"start":{"line":194,"column":32},"end":{"line":194,"column":53}},{"start":{"line":194,"column":53},"end":{"line":194,"column":null}}],"line":194},"30":{"loc":{"start":{"line":203,"column":2},"end":{"line":209,"column":null}},"type":"if","locations":[{"start":{"line":203,"column":2},"end":{"line":209,"column":null}},{"start":{"line":205,"column":2},"end":{"line":209,"column":null}}],"line":203},"31":{"loc":{"start":{"line":205,"column":2},"end":{"line":209,"column":null}},"type":"if","locations":[{"start":{"line":205,"column":2},"end":{"line":209,"column":null}},{"start":{"line":207,"column":2},"end":{"line":209,"column":null}}],"line":205},"32":{"loc":{"start":{"line":207,"column":2},"end":{"line":209,"column":null}},"type":"if","locations":[{"start":{"line":207,"column":2},"end":{"line":209,"column":null}},{"start":{},"end":{}}],"line":207},"33":{"loc":{"start":{"line":218,"column":2},"end":{"line":220,"column":null}},"type":"if","locations":[{"start":{"line":218,"column":2},"end":{"line":220,"column":null}},{"start":{},"end":{}}],"line":218}},"s":{"0":56,"1":17,"2":39,"3":3,"4":36,"5":5,"6":4,"7":1,"8":3,"9":31,"10":17,"11":17,"12":17,"13":2,"14":15,"15":18,"16":14,"17":38,"18":1,"19":37,"20":1,"21":1,"22":36,"23":1,"24":1,"25":35,"26":12,"27":23,"28":1,"29":1,"30":22,"31":4,"32":4,"33":4,"34":9,"35":9,"36":2,"37":7,"38":1,"39":6,"40":4,"41":18,"42":11,"43":11,"44":11,"45":11,"46":16,"47":16,"48":16,"49":16,"50":2,"51":14,"52":2,"53":12,"54":11,"55":7,"56":7,"57":20,"58":3,"59":3,"60":2,"61":17,"62":20,"63":3,"64":3,"65":2,"66":17,"67":20,"68":20,"69":20,"70":5,"71":5,"72":5,"73":5,"74":1,"75":4,"76":1,"77":3,"78":2,"79":5,"80":4,"81":1,"82":3,"83":3},"f":{"0":56,"1":3,"2":18,"3":38,"4":20,"5":5,"6":4},"b":{"0":[17,39],"1":[3,36],"2":[39,37],"3":[5,31],"4":[36,5],"5":[4,1],"6":[17,14],"7":[31,17],"8":[2,15],"9":[38],"10":[38],"11":[1,37],"12":[38,2],"13":[1,36],"14":[1,35],"15":[12,23],"16":[1,22],"17":[4,18],"18":[22,4],"19":[2,7],"20":[2,7],"21":[1,6],"22":[11,7],"23":[18,11],"24":[2,14],"25":[2,14],"26":[2,12],"27":[3,17],"28":[3,17],"29":[4,1],"30":[1,4],"31":[1,3],"32":[2,1],"33":[1,3]},"meta":{"lastBranch":34,"lastFunction":7,"lastStatement":84,"seen":{"f:24:9:24:17":0,"b:25:2:25:Infinity:undefined:undefined:undefined:undefined":0,"s:25:2:25:Infinity":0,"s:25:15:25:Infinity":1,"b:27:2:27:Infinity:undefined:undefined:undefined:undefined":1,"s:27:2:27:Infinity":2,"b:27:6:27:19:27:19:27:30":2,"s:27:30:27:Infinity":3,"b:29:2:32:Infinity:undefined:undefined:undefined:undefined":3,"s:29:2:32:Infinity":4,"b:29:6:29:26:29:26:29:44":4,"b:30:4:30:Infinity:undefined:undefined:undefined:undefined":5,"s:30:4:30:Infinity":5,"s:30:31:30:Infinity":6,"s:31:4:31:Infinity":7,"f:31:19:31:20":1,"s:31:36:31:59":8,"b:34:2:43:Infinity:undefined:undefined:undefined:undefined":6,"s:34:2:43:Infinity":9,"b:34:6:34:31:34:31:34:54":7,"s:35:18:35:Infinity":10,"s:36:18:36:Infinity":11,"b:38:4:38:Infinity:undefined:undefined:undefined:undefined":8,"s:38:4:38:Infinity":12,"s:38:39:38:Infinity":13,"s:40:4:42:Infinity":14,"f:40:23:40:24":2,"s:41:6:41:Infinity":15,"s:45:2:45:Infinity":16,"f:51:9:51:Infinity":3,"b:54:17:54:Infinity":9,"b:55:26:55:Infinity":10,"b:58:2:60:Infinity:undefined:undefined:undefined:undefined":11,"s:58:2:60:Infinity":17,"b:58:6:58:32:58:32:58:56":12,"s:59:4:59:Infinity":18,"b:63:2:66:Infinity:undefined:undefined:undefined:undefined":13,"s:63:2:66:Infinity":19,"s:64:4:64:Infinity":20,"s:65:4:65:Infinity":21,"b:69:2:72:Infinity:undefined:undefined:undefined:undefined":14,"s:69:2:72:Infinity":22,"s:70:4:70:Infinity":23,"s:71:4:71:Infinity":24,"b:74:2:76:Infinity:undefined:undefined:undefined:undefined":15,"s:74:2:76:Infinity":25,"s:75:4:75:Infinity":26,"b:79:2:82:Infinity:undefined:undefined:undefined:undefined":16,"s:79:2:82:Infinity":27,"s:80:4:80:Infinity":28,"s:81:4:81:Infinity":29,"b:85:2:101:Infinity:undefined:undefined:undefined:undefined":17,"s:85:2:101:Infinity":30,"b:85:6:85:33:85:33:85:58":18,"s:86:22:86:Infinity":31,"s:88:4:98:Infinity":32,"s:88:17:88:20":33,"s:89:23:89:Infinity":34,"b:89:30:89:48:89:48:89:Infinity":19,"b:91:6:97:Infinity:93:6:97:Infinity":20,"s:91:6:97:Infinity":35,"s:92:8:92:Infinity":36,"b:93:6:97:Infinity:95:13:97:Infinity":21,"s:93:6:97:Infinity":37,"s:94:8:94:Infinity":38,"s:96:8:96:Infinity":39,"s:100:4:100:Infinity":40,"b:104:2:129:Infinity:undefined:undefined:undefined:undefined":22,"s:104:2:129:Infinity":41,"b:104:6:104:38:104:38:104:68":23,"s:105:20:105:Infinity":42,"s:106:20:106:Infinity":43,"s:107:20:107:Infinity":44,"s:109:4:126:Infinity":45,"s:110:23:110:Infinity":46,"b:110:30:110:49:110:49:110:Infinity":24,"s:111:21:111:Infinity":47,"s:112:21:112:Infinity":48,"b:114:6:125:Infinity:116:6:125:Infinity":25,"s:114:6:125:Infinity":49,"s:115:8:115:Infinity":50,"b:116:6:125:Infinity:118:13:125:Infinity":26,"s:116:6:125:Infinity":51,"s:117:8:117:Infinity":52,"s:119:8:124:Infinity":53,"s:128:4:128:Infinity":54,"s:132:2:132:Infinity":55,"s:134:2:134:Infinity":56,"f:156:16:156:25":4,"b:161:2:169:Infinity:167:9:169:Infinity":27,"s:161:2:169:Infinity":57,"s:162:4:166:Infinity":58,"s:163:6:163:Infinity":59,"s:165:6:165:Infinity":60,"s:168:4:168:Infinity":61,"b:171:2:179:Infinity:177:9:179:Infinity":28,"s:171:2:179:Infinity":62,"s:172:4:176:Infinity":63,"s:173:6:173:Infinity":64,"s:175:6:175:Infinity":65,"s:178:4:178:Infinity":66,"s:181:32:181:Infinity":67,"s:182:2:182:Infinity":68,"s:184:2:187:Infinity":69,"f:193:16:193:33":5,"s:194:18:194:Infinity":70,"b:194:32:194:53:194:53:194:Infinity":29,"s:195:18:200:Infinity":71,"s:202:17:202:Infinity":72,"b:203:2:209:Infinity:205:2:209:Infinity":30,"s:203:2:209:Infinity":73,"s:204:4:204:Infinity":74,"b:205:2:209:Infinity:207:2:209:Infinity":31,"s:205:2:209:Infinity":75,"s:206:4:206:Infinity":76,"b:207:2:209:Infinity:undefined:undefined:undefined:undefined":32,"s:207:2:209:Infinity":77,"s:208:4:208:Infinity":78,"s:211:2:211:Infinity":79,"f:217:16:217:35":6,"b:218:2:220:Infinity:undefined:undefined:undefined:undefined":33,"s:218:2:220:Infinity":80,"s:219:4:219:Infinity":81,"s:222:16:222:Infinity":82,"s:223:2:223:Infinity":83}}}
,"/Users/sunven/github/QHelper/lib/utils/md5.ts": {"path":"/Users/sunven/github/QHelper/lib/utils/md5.ts","statementMap":{"0":{"start":{"line":8,"column":2},"end":{"line":8,"column":null}},"1":{"start":{"line":12,"column":8},"end":{"line":12,"column":null}},"2":{"start":{"line":13,"column":8},"end":{"line":13,"column":null}},"3":{"start":{"line":14,"column":2},"end":{"line":14,"column":null}},"4":{"start":{"line":18,"column":2},"end":{"line":18,"column":null}},"5":{"start":{"line":22,"column":2},"end":{"line":22,"column":null}},"6":{"start":{"line":26,"column":2},"end":{"line":26,"column":null}},"7":{"start":{"line":30,"column":2},"end":{"line":30,"column":null}},"8":{"start":{"line":42,"column":2},"end":{"line":42,"column":null}},"9":{"start":{"line":43,"column":2},"end":{"line":43,"column":null}},"10":{"start":{"line":55,"column":2},"end":{"line":55,"column":null}},"11":{"start":{"line":56,"column":2},"end":{"line":56,"column":null}},"12":{"start":{"line":68,"column":2},"end":{"line":68,"column":null}},"13":{"start":{"line":69,"column":2},"end":{"line":69,"column":null}},"14":{"start":{"line":81,"column":2},"end":{"line":81,"column":null}},"15":{"start":{"line":82,"column":2},"end":{"line":82,"column":null}},"16":{"start":{"line":87,"column":16},"end":{"line":87,"column":null}},"17":{"start":{"line":88,"column":25},"end":{"line":88,"column":null}},"18":{"start":{"line":89,"column":30},"end":{"line":89,"column":null}},"19":{"start":{"line":90,"column":8},"end":{"line":91,"column":null}},"20":{"start":{"line":92,"column":8},"end":{"line":92,"column":null}},"21":{"start":{"line":93,"column":31},"end":{"line":93,"column":null}},"22":{"start":{"line":94,"column":22},"end":{"line":94,"column":null}},"23":{"start":{"line":95,"column":19},"end":{"line":95,"column":null}},"24":{"start":{"line":97,"column":2},"end":{"line":103,"column":null}},"25":{"start":{"line":98,"column":4},"end":{"line":98,"column":null}},"26":{"start":{"line":99,"column":4},"end":{"line":99,"column":null}},"27":{"start":{"line":100,"column":4},"end":{"line":101,"column":null}},"28":{"start":{"line":102,"column":4},"end":{"line":102,"column":null}},"29":{"start":{"line":105,"column":2},"end":{"line":105,"column":null}},"30":{"start":{"line":106,"column":2},"end":{"line":106,"column":null}},"31":{"start":{"line":107,"column":2},"end":{"line":107,"column":null}},"32":{"start":{"line":108,"column":2},"end":{"line":108,"column":null}},"33":{"start":{"line":109,"column":2},"end":{"line":109,"column":null}},"34":{"start":{"line":111,"column":2},"end":{"line":111,"column":null}},"35":{"start":{"line":115,"column":23},"end":{"line":115,"column":null}},"36":{"start":{"line":116,"column":27},"end":{"line":116,"column":null}},"37":{"start":{"line":120,"column":2},"end":{"line":125,"column":null}},"38":{"start":{"line":121,"column":4},"end":{"line":121,"column":null}},"39":{"start":{"line":122,"column":4},"end":{"line":122,"column":null}},"40":{"start":{"line":123,"column":4},"end":{"line":124,"column":null}},"41":{"start":{"line":127,"column":2},"end":{"line":127,"column":null}},"42":{"start":{"line":143,"column":12},"end":{"line":143,"column":null}},"43":{"start":{"line":144,"column":10},"end":{"line":144,"column":null}},"44":{"start":{"line":145,"column":10},"end":{"line":145,"column":null}},"45":{"start":{"line":146,"column":10},"end":{"line":146,"column":null}},"46":{"start":{"line":147,"column":10},"end":{"line":147,"column":null}},"47":{"start":{"line":149,"column":14},"end":{"line":149,"column":null}},"48":{"start":{"line":150,"column":14},"end":{"line":150,"column":null}},"49":{"start":{"line":151,"column":14},"end":{"line":151,"column":null}},"50":{"start":{"line":152,"column":14},"end":{"line":152,"column":null}},"51":{"start":{"line":153,"column":14},"end":{"line":153,"column":null}},"52":{"start":{"line":154,"column":14},"end":{"line":154,"column":null}},"53":{"start":{"line":155,"column":14},"end":{"line":155,"column":null}},"54":{"start":{"line":156,"column":14},"end":{"line":156,"column":null}},"55":{"start":{"line":157,"column":14},"end":{"line":157,"column":null}},"56":{"start":{"line":158,"column":14},"end":{"line":158,"column":null}},"57":{"start":{"line":159,"column":14},"end":{"line":159,"column":null}},"58":{"start":{"line":160,"column":14},"end":{"line":160,"column":null}},"59":{"start":{"line":161,"column":14},"end":{"line":161,"column":null}},"60":{"start":{"line":162,"column":14},"end":{"line":162,"column":null}},"61":{"start":{"line":163,"column":14},"end":{"line":163,"column":null}},"62":{"start":{"line":164,"column":14},"end":{"line":164,"column":null}},"63":{"start":{"line":166,"column":2},"end":{"line":241,"column":null}},"64":{"start":{"line":166,"column":15},"end":{"line":166,"column":18}},"65":{"start":{"line":167,"column":15},"end":{"line":167,"column":null}},"66":{"start":{"line":168,"column":15},"end":{"line":168,"column":null}},"67":{"start":{"line":169,"column":15},"end":{"line":169,"column":null}},"68":{"start":{"line":170,"column":15},"end":{"line":170,"column":null}},"69":{"start":{"line":172,"column":4},"end":{"line":172,"column":null}},"70":{"start":{"line":173,"column":4},"end":{"line":173,"column":null}},"71":{"start":{"line":174,"column":4},"end":{"line":174,"column":null}},"72":{"start":{"line":175,"column":4},"end":{"line":175,"column":null}},"73":{"start":{"line":176,"column":4},"end":{"line":176,"column":null}},"74":{"start":{"line":177,"column":4},"end":{"line":177,"column":null}},"75":{"start":{"line":178,"column":4},"end":{"line":178,"column":null}},"76":{"start":{"line":179,"column":4},"end":{"line":179,"column":null}},"77":{"start":{"line":180,"column":4},"end":{"line":180,"column":null}},"78":{"start":{"line":181,"column":4},"end":{"line":181,"column":null}},"79":{"start":{"line":182,"column":4},"end":{"line":182,"column":null}},"80":{"start":{"line":183,"column":4},"end":{"line":183,"column":null}},"81":{"start":{"line":184,"column":4},"end":{"line":184,"column":null}},"82":{"start":{"line":185,"column":4},"end":{"line":185,"column":null}},"83":{"start":{"line":186,"column":4},"end":{"line":186,"column":null}},"84":{"start":{"line":187,"column":4},"end":{"line":187,"column":null}},"85":{"start":{"line":188,"column":4},"end":{"line":188,"column":null}},"86":{"start":{"line":189,"column":4},"end":{"line":189,"column":null}},"87":{"start":{"line":190,"column":4},"end":{"line":190,"column":null}},"88":{"start":{"line":191,"column":4},"end":{"line":191,"column":null}},"89":{"start":{"line":192,"column":4},"end":{"line":192,"column":null}},"90":{"start":{"line":193,"column":4},"end":{"line":193,"column":null}},"91":{"start":{"line":194,"column":4},"end":{"line":194,"column":null}},"92":{"start":{"line":195,"column":4},"end":{"line":195,"column":null}},"93":{"start":{"line":196,"column":4},"end":{"line":196,"column":null}},"94":{"start":{"line":197,"column":4},"end":{"line":197,"column":null}},"95":{"start":{"line":198,"column":4},"end":{"line":198,"column":null}},"96":{"start":{"line":199,"column":4},"end":{"line":199,"column":null}},"97":{"start":{"line":200,"column":4},"end":{"line":200,"column":null}},"98":{"start":{"line":201,"column":4},"end":{"line":201,"column":null}},"99":{"start":{"line":202,"column":4},"end":{"line":202,"column":null}},"100":{"start":{"line":203,"column":4},"end":{"line":203,"column":null}},"101":{"start":{"line":204,"column":4},"end":{"line":204,"column":null}},"102":{"start":{"line":205,"column":4},"end":{"line":205,"column":null}},"103":{"start":{"line":206,"column":4},"end":{"line":206,"column":null}},"104":{"start":{"line":207,"column":4},"end":{"line":207,"column":null}},"105":{"start":{"line":208,"column":4},"end":{"line":208,"column":null}},"106":{"start":{"line":209,"column":4},"end":{"line":209,"column":null}},"107":{"start":{"line":210,"column":4},"end":{"line":210,"column":null}},"108":{"start":{"line":211,"column":4},"end":{"line":211,"column":null}},"109":{"start":{"line":212,"column":4},"end":{"line":212,"column":null}},"110":{"start":{"line":213,"column":4},"end":{"line":213,"column":null}},"111":{"start":{"line":214,"column":4},"end":{"line":214,"column":null}},"112":{"start":{"line":215,"column":4},"end":{"line":215,"column":null}},"113":{"start":{"line":216,"column":4},"end":{"line":216,"column":null}},"114":{"start":{"line":217,"column":4},"end":{"line":217,"column":null}},"115":{"start":{"line":218,"column":4},"end":{"line":218,"column":null}},"116":{"start":{"line":219,"column":4},"end":{"line":219,"column":null}},"117":{"start":{"line":220,"column":4},"end":{"line":220,"column":null}},"118":{"start":{"line":221,"column":4},"end":{"line":221,"column":null}},"119":{"start":{"line":222,"column":4},"end":{"line":222,"column":null}},"120":{"start":{"line":223,"column":4},"end":{"line":223,"column":null}},"121":{"start":{"line":224,"column":4},"end":{"line":224,"column":null}},"122":{"start":{"line":225,"column":4},"end":{"line":225,"column":null}},"123":{"start":{"line":226,"column":4},"end":{"line":226,"column":null}},"124":{"start":{"line":227,"column":4},"end":{"line":227,"column":null}},"125":{"start":{"line":228,"column":4},"end":{"line":228,"column":null}},"126":{"start":{"line":229,"column":4},"end":{"line":229,"column":null}},"127":{"start":{"line":230,"column":4},"end":{"line":230,"column":null}},"128":{"start":{"line":231,"column":4},"end":{"line":231,"column":null}},"129":{"start":{"line":232,"column":4},"end":{"line":232,"column":null}},"130":{"start":{"line":233,"column":4},"end":{"line":233,"column":null}},"131":{"start":{"line":234,"column":4},"end":{"line":234,"column":null}},"132":{"start":{"line":235,"column":4},"end":{"line":235,"column":null}},"133":{"start":{"line":237,"column":4},"end":{"line":237,"column":null}},"134":{"start":{"line":238,"column":4},"end":{"line":238,"column":null}},"135":{"start":{"line":239,"column":4},"end":{"line":239,"column":null}},"136":{"start":{"line":240,"column":4},"end":{"line":240,"column":null}},"137":{"start":{"line":243,"column":2},"end":{"line":243,"column":null}}},"fnMap":{"0":{"name":"rotateLeft","decl":{"start":{"line":7,"column":9},"end":{"line":7,"column":20}},"loc":{"start":{"line":7,"column":58},"end":{"line":9,"column":null}},"line":7},"1":{"name":"addUnsigned","decl":{"start":{"line":11,"column":9},"end":{"line":11,"column":21}},"loc":{"start":{"line":11,"column":51},"end":{"line":15,"column":null}},"line":11},"2":{"name":"f","decl":{"start":{"line":17,"column":9},"end":{"line":17,"column":11}},"loc":{"start":{"line":17,"column":52},"end":{"line":19,"column":null}},"line":17},"3":{"name":"g","decl":{"start":{"line":21,"column":9},"end":{"line":21,"column":11}},"loc":{"start":{"line":21,"column":52},"end":{"line":23,"column":null}},"line":21},"4":{"name":"h","decl":{"start":{"line":25,"column":9},"end":{"line":25,"column":11}},"loc":{"start":{"line":25,"column":52},"end":{"line":27,"column":null}},"line":25},"5":{"name":"i","decl":{"start":{"line":29,"column":9},"end":{"line":29,"column":11}},"loc":{"start":{"line":29,"column":52},"end":{"line":31,"column":null}},"line":29},"6":{"name":"ff","decl":{"start":{"line":33,"column":9},"end":{"line":33,"column":null}},"loc":{"start":{"line":41,"column":10},"end":{"line":44,"column":null}},"line":41},"7":{"name":"gg","decl":{"start":{"line":46,"column":9},"end":{"line":46,"column":null}},"loc":{"start":{"line":54,"column":10},"end":{"line":57,"column":null}},"line":54},"8":{"name":"hh","decl":{"start":{"line":59,"column":9},"end":{"line":59,"column":null}},"loc":{"start":{"line":67,"column":10},"end":{"line":70,"column":null}},"line":67},"9":{"name":"ii","decl":{"start":{"line":72,"column":9},"end":{"line":72,"column":null}},"loc":{"start":{"line":80,"column":10},"end":{"line":83,"column":null}},"line":80},"10":{"name":"convertToWordArray","decl":{"start":{"line":85,"column":9},"end":{"line":85,"column":28}},"loc":{"start":{"line":85,"column":51},"end":{"line":112,"column":null}},"line":85},"11":{"name":"wordToHex","decl":{"start":{"line":114,"column":9},"end":{"line":114,"column":19}},"loc":{"start":{"line":114,"column":43},"end":{"line":128,"column":null}},"line":114},"12":{"name":"md5","decl":{"start":{"line":142,"column":16},"end":{"line":142,"column":20}},"loc":{"start":{"line":142,"column":41},"end":{"line":244,"column":null}},"line":142}},"branchMap":{},"s":{"0":576,"1":2340,"2":2340,"3":2340,"4":144,"5":144,"6":144,"7":144,"8":144,"9":144,"10":144,"11":144,"12":144,"13":144,"14":144,"15":144,"16":9,"17":9,"18":9,"19":9,"20":9,"21":9,"22":9,"23":9,"24":9,"25":71,"26":71,"27":71,"28":71,"29":9,"30":9,"31":9,"32":9,"33":9,"34":9,"35":36,"36":36,"37":36,"38":144,"39":144,"40":144,"41":36,"42":9,"43":9,"44":9,"45":9,"46":9,"47":9,"48":9,"49":9,"50":9,"51":9,"52":9,"53":9,"54":9,"55":9,"56":9,"57":9,"58":9,"59":9,"60":9,"61":9,"62":9,"63":9,"64":9,"65":9,"66":9,"67":9,"68":9,"69":9,"70":9,"71":9,"72":9,"73":9,"74":9,"75":9,"76":9,"77":9,"78":9,"79":9,"80":9,"81":9,"82":9,"83":9,"84":9,"85":9,"86":9,"87":9,"88":9,"89":9,"90":9,"91":9,"92":9,"93":9,"94":9,"95":9,"96":9,"97":9,"98":9,"99":9,"100":9,"101":9,"102":9,"103":9,"104":9,"105":9,"106":9,"107":9,"108":9,"109":9,"110":9,"111":9,"112":9,"113":9,"114":9,"115":9,"116":9,"117":9,"118":9,"119":9,"120":9,"121":9,"122":9,"123":9,"124":9,"125":9,"126":9,"127":9,"128":9,"129":9,"130":9,"131":9,"132":9,"133":9,"134":9,"135":9,"136":9,"137":9},"f":{"0":576,"1":2340,"2":144,"3":144,"4":144,"5":144,"6":144,"7":144,"8":144,"9":144,"10":9,"11":36,"12":9},"b":{},"meta":{"lastBranch":0,"lastFunction":13,"lastStatement":138,"seen":{"f:7:9:7:20":0,"s:8:2:8:Infinity":0,"f:11:9:11:21":1,"s:12:8:12:Infinity":1,"s:13:8:13:Infinity":2,"s:14:2:14:Infinity":3,"f:17:9:17:11":2,"s:18:2:18:Infinity":4,"f:21:9:21:11":3,"s:22:2:22:Infinity":5,"f:25:9:25:11":4,"s:26:2:26:Infinity":6,"f:29:9:29:11":5,"s:30:2:30:Infinity":7,"f:33:9:33:Infinity":6,"s:42:2:42:Infinity":8,"s:43:2:43:Infinity":9,"f:46:9:46:Infinity":7,"s:55:2:55:Infinity":10,"s:56:2:56:Infinity":11,"f:59:9:59:Infinity":8,"s:68:2:68:Infinity":12,"s:69:2:69:Infinity":13,"f:72:9:72:Infinity":9,"s:81:2:81:Infinity":14,"s:82:2:82:Infinity":15,"f:85:9:85:28":10,"s:87:16:87:Infinity":16,"s:88:25:88:Infinity":17,"s:89:30:89:Infinity":18,"s:90:8:91:Infinity":19,"s:92:8:92:Infinity":20,"s:93:31:93:Infinity":21,"s:94:22:94:Infinity":22,"s:95:19:95:Infinity":23,"s:97:2:103:Infinity":24,"s:98:4:98:Infinity":25,"s:99:4:99:Infinity":26,"s:100:4:101:Infinity":27,"s:102:4:102:Infinity":28,"s:105:2:105:Infinity":29,"s:106:2:106:Infinity":30,"s:107:2:107:Infinity":31,"s:108:2:108:Infinity":32,"s:109:2:109:Infinity":33,"s:111:2:111:Infinity":34,"f:114:9:114:19":11,"s:115:23:115:Infinity":35,"s:116:27:116:Infinity":36,"s:120:2:125:Infinity":37,"s:121:4:121:Infinity":38,"s:122:4:122:Infinity":39,"s:123:4:124:Infinity":40,"s:127:2:127:Infinity":41,"f:142:16:142:20":12,"s:143:12:143:Infinity":42,"s:144:10:144:Infinity":43,"s:145:10:145:Infinity":44,"s:146:10:146:Infinity":45,"s:147:10:147:Infinity":46,"s:149:14:149:Infinity":47,"s:150:14:150:Infinity":48,"s:151:14:151:Infinity":49,"s:152:14:152:Infinity":50,"s:153:14:153:Infinity":51,"s:154:14:154:Infinity":52,"s:155:14:155:Infinity":53,"s:156:14:156:Infinity":54,"s:157:14:157:Infinity":55,"s:158:14:158:Infinity":56,"s:159:14:159:Infinity":57,"s:160:14:160:Infinity":58,"s:161:14:161:Infinity":59,"s:162:14:162:Infinity":60,"s:163:14:163:Infinity":61,"s:164:14:164:Infinity":62,"s:166:2:241:Infinity":63,"s:166:15:166:18":64,"s:167:15:167:Infinity":65,"s:168:15:168:Infinity":66,"s:169:15:169:Infinity":67,"s:170:15:170:Infinity":68,"s:172:4:172:Infinity":69,"s:173:4:173:Infinity":70,"s:174:4:174:Infinity":71,"s:175:4:175:Infinity":72,"s:176:4:176:Infinity":73,"s:177:4:177:Infinity":74,"s:178:4:178:Infinity":75,"s:179:4:179:Infinity":76,"s:180:4:180:Infinity":77,"s:181:4:181:Infinity":78,"s:182:4:182:Infinity":79,"s:183:4:183:Infinity":80,"s:184:4:184:Infinity":81,"s:185:4:185:Infinity":82,"s:186:4:186:Infinity":83,"s:187:4:187:Infinity":84,"s:188:4:188:Infinity":85,"s:189:4:189:Infinity":86,"s:190:4:190:Infinity":87,"s:191:4:191:Infinity":88,"s:192:4:192:Infinity":89,"s:193:4:193:Infinity":90,"s:194:4:194:Infinity":91,"s:195:4:195:Infinity":92,"s:196:4:196:Infinity":93,"s:197:4:197:Infinity":94,"s:198:4:198:Infinity":95,"s:199:4:199:Infinity":96,"s:200:4:200:Infinity":97,"s:201:4:201:Infinity":98,"s:202:4:202:Infinity":99,"s:203:4:203:Infinity":100,"s:204:4:204:Infinity":101,"s:205:4:205:Infinity":102,"s:206:4:206:Infinity":103,"s:207:4:207:Infinity":104,"s:208:4:208:Infinity":105,"s:209:4:209:Infinity":106,"s:210:4:210:Infinity":107,"s:211:4:211:Infinity":108,"s:212:4:212:Infinity":109,"s:213:4:213:Infinity":110,"s:214:4:214:Infinity":111,"s:215:4:215:Infinity":112,"s:216:4:216:Infinity":113,"s:217:4:217:Infinity":114,"s:218:4:218:Infinity":115,"s:219:4:219:Infinity":116,"s:220:4:220:Infinity":117,"s:221:4:221:Infinity":118,"s:222:4:222:Infinity":119,"s:223:4:223:Infinity":120,"s:224:4:224:Infinity":121,"s:225:4:225:Infinity":122,"s:226:4:226:Infinity":123,"s:227:4:227:Infinity":124,"s:228:4:228:Infinity":125,"s:229:4:229:Infinity":126,"s:230:4:230:Infinity":127,"s:231:4:231:Infinity":128,"s:232:4:232:Infinity":129,"s:233:4:233:Infinity":130,"s:234:4:234:Infinity":131,"s:235:4:235:Infinity":132,"s:237:4:237:Infinity":133,"s:238:4:238:Infinity":134,"s:239:4:239:Infinity":135,"s:240:4:240:Infinity":136,"s:243:2:243:Infinity":137}}}
,"/Users/sunven/github/QHelper/lib/utils/recentTools.ts": {"path":"/Users/sunven/github/QHelper/lib/utils/recentTools.ts","statementMap":{"0":{"start":{"line":7,"column":25},"end":{"line":7,"column":null}},"1":{"start":{"line":8,"column":25},"end":{"line":8,"column":null}},"2":{"start":{"line":20,"column":17},"end":{"line":20,"column":null}},"3":{"start":{"line":23,"column":19},"end":{"line":23,"column":null}},"4":{"start":{"line":23,"column":40},"end":{"line":23,"column":59}},"5":{"start":{"line":26,"column":36},"end":{"line":30,"column":null}},"6":{"start":{"line":32,"column":18},"end":{"line":32,"column":null}},"7":{"start":{"line":34,"column":2},"end":{"line":34,"column":null}},"8":{"start":{"line":41,"column":2},"end":{"line":46,"column":null}},"9":{"start":{"line":42,"column":19},"end":{"line":42,"column":null}},"10":{"start":{"line":43,"column":4},"end":{"line":43,"column":null}},"11":{"start":{"line":45,"column":4},"end":{"line":45,"column":null}},"12":{"start":{"line":53,"column":2},"end":{"line":53,"column":null}},"13":{"start":{"line":62,"column":18},"end":{"line":66,"column":null}},"14":{"start":{"line":63,"column":4},"end":{"line":65,"column":null}},"15":{"start":{"line":64,"column":6},"end":{"line":64,"column":null}},"16":{"start":{"line":68,"column":2},"end":{"line":68,"column":null}},"17":{"start":{"line":70,"column":2},"end":{"line":72,"column":null}},"18":{"start":{"line":71,"column":4},"end":{"line":71,"column":null}}},"fnMap":{"0":{"name":"trackToolUsage","decl":{"start":{"line":19,"column":22},"end":{"line":19,"column":37}},"loc":{"start":{"line":19,"column":86},"end":{"line":35,"column":null}},"line":19},"1":{"name":"(anonymous_1)","decl":{"start":{"line":23,"column":33},"end":{"line":23,"column":34}},"loc":{"start":{"line":23,"column":40},"end":{"line":23,"column":59}},"line":23},"2":{"name":"getRecentTools","decl":{"start":{"line":40,"column":22},"end":{"line":40,"column":67}},"loc":{"start":{"line":40,"column":67},"end":{"line":47,"column":null}},"line":40},"3":{"name":"clearRecentTools","decl":{"start":{"line":52,"column":22},"end":{"line":52,"column":56}},"loc":{"start":{"line":52,"column":56},"end":{"line":54,"column":null}},"line":52},"4":{"name":"onRecentToolsChange","decl":{"start":{"line":59,"column":16},"end":{"line":59,"column":null}},"loc":{"start":{"line":61,"column":14},"end":{"line":73,"column":null}},"line":61},"5":{"name":"(anonymous_5)","decl":{"start":{"line":62,"column":18},"end":{"line":62,"column":19}},"loc":{"start":{"line":62,"column":98},"end":{"line":66,"column":null}},"line":62},"6":{"name":"(anonymous_6)","decl":{"start":{"line":70,"column":9},"end":{"line":70,"column":15}},"loc":{"start":{"line":70,"column":15},"end":{"line":72,"column":null}},"line":70}},"branchMap":{"0":{"loc":{"start":{"line":43,"column":11},"end":{"line":43,"column":null}},"type":"binary-expr","locations":[{"start":{"line":43,"column":11},"end":{"line":43,"column":21}},{"start":{"line":43,"column":21},"end":{"line":43,"column":null}}],"line":43},"1":{"loc":{"start":{"line":63,"column":4},"end":{"line":65,"column":null}},"type":"if","locations":[{"start":{"line":63,"column":4},"end":{"line":65,"column":null}},{"start":{},"end":{}}],"line":63},"2":{"loc":{"start":{"line":63,"column":8},"end":{"line":63,"column":61}},"type":"binary-expr","locations":[{"start":{"line":63,"column":8},"end":{"line":63,"column":32}},{"start":{"line":63,"column":32},"end":{"line":63,"column":61}}],"line":63},"3":{"loc":{"start":{"line":64,"column":16},"end":{"line":64,"column":78}},"type":"binary-expr","locations":[{"start":{"line":64,"column":16},"end":{"line":64,"column":76}},{"start":{"line":64,"column":76},"end":{"line":64,"column":78}}],"line":64}},"s":{"0":1,"1":1,"2":4,"3":4,"4":11,"5":4,"6":4,"7":4,"8":8,"9":8,"10":7,"11":1,"12":1,"13":6,"14":4,"15":2,"16":6,"17":6,"18":1},"f":{"0":4,"1":11,"2":8,"3":1,"4":6,"5":4,"6":1},"b":{"0":[7,1],"1":[2,2],"2":[4,3],"3":[2,1]},"meta":{"lastBranch":4,"lastFunction":7,"lastStatement":19,"seen":{"s:7:25:7:Infinity":0,"s:8:25:8:Infinity":1,"f:19:22:19:37":0,"s:20:17:20:Infinity":2,"s:23:19:23:Infinity":3,"f:23:33:23:34":1,"s:23:40:23:59":4,"s:26:36:30:Infinity":5,"s:32:18:32:Infinity":6,"s:34:2:34:Infinity":7,"f:40:22:40:67":2,"s:41:2:46:Infinity":8,"s:42:19:42:Infinity":9,"s:43:4:43:Infinity":10,"b:43:11:43:21:43:21:43:Infinity":0,"s:45:4:45:Infinity":11,"f:52:22:52:56":3,"s:53:2:53:Infinity":12,"f:59:16:59:Infinity":4,"s:62:18:66:Infinity":13,"f:62:18:62:19":5,"b:63:4:65:Infinity:undefined:undefined:undefined:undefined":1,"s:63:4:65:Infinity":14,"b:63:8:63:32:63:32:63:61":2,"s:64:6:64:Infinity":15,"b:64:16:64:76:64:76:64:78":3,"s:68:2:68:Infinity":16,"s:70:2:72:Infinity":17,"f:70:9:70:15":6,"s:71:4:71:Infinity":18}}}
}
